#
# A fatal error has been detected by the Java Runtime Environment:
#
#  SIGBUS (0xa) at pc=0x000000010e5554f0, pid=29180, tid=29191
#
# JRE version: OpenJDK Runtime Environment Temurin-17.0.1+12 (17.0.1+12) (build 17.0.1+12)
# Java VM: OpenJDK 64-Bit Server VM Temurin-17.0.1+12 (17.0.1+12, mixed mode, tiered, compressed oops, compressed class ptrs, g1 gc, bsd-aarch64)
# Problematic frame:
# v  ~StubRoutines::SafeFetchN
#
# No core dump will be written. Core dumps have been disabled. To enable core dumping, try "ulimit -c unlimited" before starting Java again
#
# If you would like to submit a bug report, please visit:
#   https://github.com/adoptium/adoptium-support/issues
# The crash happened outside the Java Virtual Machine in native code.
# See problematic frame for where to report the bug.
#

---------------  S U M M A R Y ------------

Command Line: --module-path=/Users/system/.m2/repository/org/openjfx/javafx-base/17/javafx-base-17-mac-aarch64.jar:/Users/system/.m2/repository/org/openjfx/javafx-base/17/javafx-base-17.jar:/Users/system/.m2/repository/org/openjfx/javafx-controls/17/javafx-controls-17-mac-aarch64.jar:/Users/system/.m2/repository/org/openjfx/javafx-controls/17/javafx-controls-17.jar:/Users/system/.m2/repository/org/openjfx/javafx-fxml/17/javafx-fxml-17-mac-aarch64.jar:/Users/system/.m2/repository/org/openjfx/javafx-fxml/17/javafx-fxml-17.jar:/Users/system/.m2/repository/org/openjfx/javafx-graphics/17/javafx-graphics-17-mac-aarch64.jar:/Users/system/.m2/repository/org/openjfx/javafx-graphics/17/javafx-graphics-17.jar --add-modules=javafx.base,javafx.base,javafx.controls,javafx.controls,javafx.fxml,javafx.fxml,javafx.graphics,javafx.graphics timeMaster.App

Host: "MacBookAir10,1" arm64 1 MHz, 8 cores, 8G, Darwin 21.6.0, macOS 12.5.1 (21G83)
Time: Thu Sep 15 13:06:52 2022 CEST elapsed time: 4.546737 seconds (0d 0h 0m 4s)

---------------  T H R E A D  ---------------

Current thread (0x000000014a885800):  JavaThread "InvokeLaterDispatcher" daemon [_thread_in_native, id=29191, stack(0x000000016ddd0000,0x000000016dfd3000)]

Stack: [0x000000016ddd0000,0x000000016dfd3000],  sp=0x000000016dfd2780,  free space=2057k
Native frames: (J=compiled Java code, j=interpreted, Vv=VM code, C=native code)
v  ~StubRoutines::SafeFetchN
V  [libjvm.dylib+0x7b4bdc]  _ZN10OopStorage7releaseEPKP7oopDesc+0x20
V  [libjvm.dylib+0x4c5810]  jni_DeleteGlobalRef+0xd8
C  [libglass.dylib+0xab08]  -[GlassRunnable dealloc]+0x34
C  [Foundation+0x852e8]  -[_NSThreadPerformInfo dealloc]+0x30
C  [Foundation+0x5187c]  -[NSObject(NSThreadPerformAdditions) performSelectorOnMainThread:withObject:waitUntilDone:]+0x88
C  0x1c2400010e55d8ac
j  com.sun.glass.ui.mac.MacApplication.submitForLaterInvocation(Ljava/lang/Runnable;)V+2 javafx.graphics
j  com.sun.glass.ui.InvokeLaterDispatcher.run()V+82 javafx.graphics
v  ~StubRoutines::call_stub
V  [libjvm.dylib+0x46a590]  _ZN9JavaCalls11call_helperEP9JavaValueRK12methodHandleP17JavaCallArgumentsP10JavaThread+0x38c
V  [libjvm.dylib+0x4695ac]  _ZN9JavaCalls12call_virtualEP9JavaValueP5KlassP6SymbolS5_P17JavaCallArgumentsP10JavaThread+0x11c
V  [libjvm.dylib+0x469678]  _ZN9JavaCalls12call_virtualEP9JavaValue6HandleP5KlassP6SymbolS6_P10JavaThread+0x64
V  [libjvm.dylib+0x521ea4]  _ZL12thread_entryP10JavaThreadS0_+0xc4
V  [libjvm.dylib+0x993260]  _ZN10JavaThread17thread_main_innerEv+0x13c
V  [libjvm.dylib+0x99193c]  _ZN6Thread8call_runEv+0x128
V  [libjvm.dylib+0x7bba10]  _ZL19thread_native_entryP6Thread+0x158
C  [libsystem_pthread.dylib+0x726c]  _pthread_start+0x94

Java frames: (J=compiled Java code, j=interpreted, Vv=VM code)
j  com.sun.glass.ui.mac.MacApplication._submitForLaterInvocation(Ljava/lang/Runnable;)V+0 javafx.graphics
j  com.sun.glass.ui.mac.MacApplication.submitForLaterInvocation(Ljava/lang/Runnable;)V+2 javafx.graphics
j  com.sun.glass.ui.InvokeLaterDispatcher.run()V+82 javafx.graphics
v  ~StubRoutines::call_stub

siginfo: si_signo: 10 (SIGBUS), si_code: 1 (BUS_ADRALN), si_addr: 0x000000010e5554f0

Register to memory mapping:

 x0=0x000000014b807148 points into unknown readable memory: 0x0000000000000000 | 00 00 00 00 00 00 00 00
 x1=0x0 is NULL
 x2=0x00000007816f6ee8 is an oop: com.sun.glass.ui.InvokeLaterDispatcher$Future 
{0x00000007816f6ee8} - klass: 'com/sun/glass/ui/InvokeLaterDispatcher$Future'
 - ---- fields (total size 3 words):
 - private 'done' 'Z' @12  true
 - private final 'runnable' 'Ljava/lang/Runnable;' @16  a 'com/sun/javafx/tk/quantum/QuantumToolkit$$Lambda$94+0x00000008000f7db8'{0x00000007800279d0} (f0004f3a)
 - final synthetic 'this$0' 'Lcom/sun/glass/ui/InvokeLaterDispatcher;' @20  a 'com/sun/glass/ui/InvokeLaterDispatcher'{0x00000007800277c8} (f0004ef9)
 x3=0x0 is NULL
 x4=0x00000000000130a8 is an unknown value
 x5=0x0 is NULL
 x6=0x0 is NULL
 x7=0x0 is NULL
 x8=0x000000010e5554ec is at begin+0 in a stub
StubRoutines::SafeFetchN [0x000000010e5554ec, 0x000000010e5554f8] (12 bytes)
 x9=0x0 is NULL
x10=0x2010000030300000 is an unknown value
x11=0x0000000000000007 is an unknown value
x12=0x0000000000000003 is an unknown value
x13=0x0000600003fc1920 points into unknown readable memory: 0xc1338001953c17f4 | f4 17 3c 95 01 80 33 c1
x14=0x0000020000000000 is an unknown value
x15=0x00000001236e1f98: OBJC_CLASS_$_GlassRunnable+0 in /Users/system/.openjfx/cache/17/libglass.dylib at 0x000000012369c000
x16=0x000000019441f0fc: pthread_getspecific+0 in /usr/lib/system/libsystem_pthread.dylib at 0x000000019441d000
x17=0x00006000035d6b80 points into unknown readable memory: 0xfffffffffffffffe | fe ff ff ff ff ff ff ff
x18=0x0 is NULL
x19=0x0000600003ad08c0 points into unknown readable memory: 0x00006000013e8250 | 50 82 3e 01 00 60 00 00
x20=0x000000014b806f40 points into unknown readable memory: 0x8f9a466786acbc75 | 75 bc ac 86 67 46 9a 8f
x21=0x000000014b807148 points into unknown readable memory: 0x0000000000000000 | 00 00 00 00 00 00 00 00
x22=0x000000014a885800 is a thread
x23=0x0000000000000001 is an unknown value
x24=0x000000014b807100 is a global jni handle
x25=0x0000000106757a08: _ZN12StubRoutines17_safefetchN_entryE+0 in /Users/system/.sdkman/candidates/java/17.0.1-tem/lib/server/libjvm.dylib at 0x0000000105b04000
x26=0x0000000126828318 is pointing into metadata
x27=0x0 is NULL
x28=0x000000014a885800 is a thread


Registers:
 x0=0x000000014b807148  x1=0x0000000000000000  x2=0x00000007816f6ee8  x3=0x0000000000000000
 x4=0x00000000000130a8  x5=0x0000000000000000  x6=0x0000000000000000  x7=0x0000000000000000
 x8=0x000000010e5554ec  x9=0x0000000000000000 x10=0x2010000030300000 x11=0x0000000000000007
x12=0x0000000000000003 x13=0x0000600003fc1920 x14=0x0000020000000000 x15=0x00000001236e1f98
x16=0x000000019441f0fc x17=0x00006000035d6b80 x18=0x0000000000000000 x19=0x0000600003ad08c0
x20=0x000000014b806f40 x21=0x000000014b807148 x22=0x000000014a885800 x23=0x0000000000000001
x24=0x000000014b807100 x25=0x0000000106757a08 x26=0x0000000126828318 x27=0x0000000000000000
x28=0x000000014a885800  fp=0x000000016dfd27c0  lr=0x00000001062b79ac  sp=0x000000016dfd2780
pc=0x000000010e5554f0 cpsr=0x0000000060001000
Top of Stack: (sp=0x000000016dfd2780)
0x000000016dfd2780:   0000000126828318 0000000000000001
0x000000016dfd2790:   000000016dfd2988 0000000000000000
0x000000016dfd27a0:   000000014b00a0a8 000000014b807100
0x000000016dfd27b0:   000000014b807100 0000600003ad08c0
0x000000016dfd27c0:   000000016dfd2800 00000001062b8bdc
0x000000016dfd27d0:   0000000000000001 000000014b807100
0x000000016dfd27e0:   000000014b00a0a8 000000014b807100
0x000000016dfd27f0:   0000000000000001 000000014b009e00
0x000000016dfd2800:   000000016dfd2840 0000000105fc9810
0x000000016dfd2810:   000000016dfd2988 00006000013141a0
0x000000016dfd2820:   00006000013141c0 00000001de7608f7
0x000000016dfd2830:   0000000000000000 00006000013141c0
0x000000016dfd2840:   000000016dfd2870 00000001236a6b08
0x000000016dfd2850:   c03efd05a6e300fe 0000000000000000
0x000000016dfd2860:   0000000000000000 00006000004848c0
0x000000016dfd2870:   000000016dfd28b0 00000001953f52e8
0x000000016dfd2880:   000000016dfd2988 00006000013141a0
0x000000016dfd2890:   00006000013141c0 c03efd05a6e300fe
0x000000016dfd28a0:   0000000000000000 0000000000000000
0x000000016dfd28b0:   000000016dfd28f0 71280001953c187c
0x000000016dfd28c0:   000000016dfd2988 000000010e55c7c0
0x000000016dfd28d0:   0000000000000000 000000010675f3c0
0x000000016dfd28e0:   000000016dfd2900 000000010e55b730
0x000000016dfd28f0:   000000016dfd2960 1c2400010e55d8ac
0x000000016dfd2900:   0000000000000000 0000000780172d58
0x000000016dfd2910:   000000016dfd2910 0000000000000000
0x000000016dfd2920:   000000016dfd2988 0000000126828318
0x000000016dfd2930:   00000007800353b0 0000000000000000
0x000000016dfd2940:   0000000000000000 00000001268077c0
0x000000016dfd2950:   0000000000000000 000000016dfd2960
0x000000016dfd2960:   000000016dfd29e0 000000010e559fc8
0x000000016dfd2970:   0000000000000000 0000000000000000 

Instructions: (pc=0x000000010e5554f0)
0x000000010e5553f0:   f2a0ce49 f2c00029 6d425935 1e640886
0x000000010e555400:   0c402d31 1e6408c7 1f5654d0 1e6c1017
0x000000010e555410:   1f5050d0 1f504cd0 1f5048d0 1e650af6
0x000000010e555420:   1f50d8f6 1f5694d6 1f5158f6 1e762880
0x000000010e555430:   36000501 1e614000 14000026 2e251ca5
0x000000010e555440:   d2883009 f2a0ce49 f2c00029 6d425d36
0x000000010e555450:   1e600806 0c402d32 1f5758c7 1e6c101a
0x000000010e555460:   1f4754c7 1e650805 1f4750c7 d2866668
0x000000010e555470:   f2a7fa68 1f474cc7 1e6608c0 1f4748c7
0x000000010e555480:   1e6e1019 eb08007f 540000ac 1f479400
0x000000010e555490:   1f460340 1e603b20 1400000e d2a7fd29
0x000000010e5554a0:   eb09007f 540000ac 51480069 d3607d29
0x000000010e5554b0:   9e670121 14000002 1e6a5001 1f679417
0x000000010e5554c0:   1f668742 1e613b23 1e773857 1e773860
0x000000010e5554d0:   a8c17ff3 910003bf a8c17bfd d65f03c0
0x000000010e5554e0:   b9400001 aa0103e0 d65f03c0 f9400001
0x000000010e5554f0:   aa0103e0 d65f03c0 00000000 00000000
0x000000010e555500:   00000000 00000000 00000000 00000000
0x000000010e555510:   00000000 00000000 00000000 00000000
0x000000010e555520:   00000000 00000000 00000000 00000000
0x000000010e555530:   00000000 00000000 00000000 00000000
0x000000010e555540:   00000000 00000000 00000000 00000000
0x000000010e555550:   00000000 00000000 00000000 00000000
0x000000010e555560:   00000000 00000000 00000000 00000000
0x000000010e555570:   00000000 00000000 00000000 00000000
0x000000010e555580:   00000000 00000000 00000000 00000000
0x000000010e555590:   00000000 00000000 00000000 00000000
0x000000010e5555a0:   00000000 00000000 00000000 00000000
0x000000010e5555b0:   00000000 00000000 00000000 00000000
0x000000010e5555c0:   00000000 00000000 00000000 00000000
0x000000010e5555d0:   00000000 00000000 00000000 00000000
0x000000010e5555e0:   00000000 00000000 00000000 00000000 


Stack slot to memory mapping:
stack at sp + 0 slots: 0x0000000126828318 is pointing into metadata
stack at sp + 1 slots: 0x0000000000000001 is an unknown value
stack at sp + 2 slots: 0x000000016dfd2988 is pointing into the stack for thread: 0x000000014a885800
stack at sp + 3 slots: 0x0 is NULL
stack at sp + 4 slots: 0x000000014b00a0a8 points into unknown readable memory: 0x0000000106712878 | 78 28 71 06 01 00 00 00
stack at sp + 5 slots: 0x000000014b807100 is a global jni handle
stack at sp + 6 slots: 0x000000014b807100 is a global jni handle
stack at sp + 7 slots: 0x0000600003ad08c0 points into unknown readable memory: 0x00006000013e8250 | 50 82 3e 01 00 60 00 00

StubRoutines::SafeFetchN [0x000000010e5554ec, 0x000000010e5554f8] (12 bytes)
[MachCode]
  0x000000010e5554ec: 0100 40f9 | e003 01aa | c003 5fd6 
[/MachCode]

---------------  P R O C E S S  ---------------

Threads class SMR info:
_java_thread_list=0x000060000110caa0, length=18, elements={
0x000000014c808e00, 0x000000014c013c00, 0x000000014c011a00, 0x000000014c018600,
0x000000014c016400, 0x000000014c016a00, 0x000000014c018c00, 0x000000014c019200,
0x000000014c019800, 0x000000014c8d8600, 0x000000014a80d000, 0x000000014c8b3000,
0x000000014a885800, 0x000000014b009e00, 0x000000014a882800, 0x000000014a8ad600,
0x000000014cfbea00, 0x000000012d1ada00
}

Java Threads: ( => current thread )
  0x000000014c808e00 JavaThread "main" [_thread_blocked, id=6147, stack(0x000000016b5d4000,0x000000016b7d7000)]
  0x000000014c013c00 JavaThread "Reference Handler" daemon [_thread_blocked, id=16131, stack(0x000000016c428000,0x000000016c62b000)]
  0x000000014c011a00 JavaThread "Finalizer" daemon [_thread_blocked, id=17411, stack(0x000000016c634000,0x000000016c837000)]
  0x000000014c018600 JavaThread "Signal Dispatcher" daemon [_thread_blocked, id=42243, stack(0x000000016c958000,0x000000016cb5b000)]
  0x000000014c016400 JavaThread "Service Thread" daemon [_thread_blocked, id=41731, stack(0x000000016cb64000,0x000000016cd67000)]
  0x000000014c016a00 JavaThread "Monitor Deflation Thread" daemon [_thread_blocked, id=23043, stack(0x000000016cd70000,0x000000016cf73000)]
  0x000000014c018c00 JavaThread "C2 CompilerThread0" daemon [_thread_blocked, id=23299, stack(0x000000016cf7c000,0x000000016d17f000)]
  0x000000014c019200 JavaThread "C1 CompilerThread0" daemon [_thread_blocked, id=40963, stack(0x000000016d188000,0x000000016d38b000)]
  0x000000014c019800 JavaThread "Sweeper thread" daemon [_thread_blocked, id=40451, stack(0x000000016d394000,0x000000016d597000)]
  0x000000014c8d8600 JavaThread "Common-Cleaner" daemon [_thread_blocked, id=23811, stack(0x000000016d5a0000,0x000000016d7a3000)]
  0x000000014a80d000 JavaThread "Notification Thread" daemon [_thread_blocked, id=24067, stack(0x000000016d7ac000,0x000000016d9af000)]
  0x000000014c8b3000 JavaThread "QuantumRenderer-0" daemon [_thread_blocked, id=39683, stack(0x000000016dbc4000,0x000000016ddc7000)]
=>0x000000014a885800 JavaThread "InvokeLaterDispatcher" daemon [_thread_in_native, id=29191, stack(0x000000016ddd0000,0x000000016dfd3000)]
  0x000000014b009e00 JavaThread "JavaFX Application Thread" [_thread_in_vm, id=259, stack(0x000000016ad4c000,0x000000016b548000)]
  0x000000014a882800 JavaThread "JavaFX-Launcher" [_thread_blocked, id=53763, stack(0x000000016e274000,0x000000016e477000)]
  0x000000014a8ad600 JavaThread "PulseTimer-CVDisplayLink thread" daemon [_thread_in_native, id=50691, stack(0x000000016dfdc000,0x000000016e05f000)]
  0x000000014cfbea00 JavaThread "Prism Font Disposer" daemon [_thread_blocked, id=56843, stack(0x000000016f0c8000,0x000000016f2cb000)]
  0x000000012d1ada00 JavaThread "Cleaner-0" daemon [_thread_blocked, id=72967, stack(0x000000016f360000,0x000000016f563000)]

Other Threads:
  0x000000014b90d5c0 VMThread "VM Thread" [stack: 0x000000016c21c000,0x000000016c41f000] [id=15363]
  0x000000014a6217d0 WatcherThread [stack: 0x000000016d9b8000,0x000000016dbbb000] [id=24579]
  0x000000014b906540 GCTaskThread "GC Thread#0" [stack: 0x000000016b7e0000,0x000000016b9e3000] [id=13059]
  0x000000014a62b7d0 GCTaskThread "GC Thread#1" [stack: 0x000000016e480000,0x000000016e683000] [id=74755]
  0x000000014b843760 GCTaskThread "GC Thread#2" [stack: 0x000000016e68c000,0x000000016e88f000] [id=74499]
  0x000000014b940a30 GCTaskThread "GC Thread#3" [stack: 0x000000016e898000,0x000000016ea9b000] [id=54531]
  0x000000014b940eb0 GCTaskThread "GC Thread#4" [stack: 0x000000016eaa4000,0x000000016eca7000] [id=73987]
  0x000000014b941330 GCTaskThread "GC Thread#5" [stack: 0x000000016ecb0000,0x000000016eeb3000] [id=73731]
  0x000000014b941bf0 GCTaskThread "GC Thread#6" [stack: 0x000000016eebc000,0x000000016f0bf000] [id=73219]
  0x000000014b9557a0 GCTaskThread "GC Thread#7" [stack: 0x000000016f56c000,0x000000016f76f000] [id=66571]
  0x000000014b906bf0 ConcurrentGCThread "G1 Main Marker" [stack: 0x000000016b9ec000,0x000000016bbef000] [id=13315]
  0x000000014b907470 ConcurrentGCThread "G1 Conc#0" [stack: 0x000000016bbf8000,0x000000016bdfb000] [id=19971]
  0x000000014b867e70 ConcurrentGCThread "G1 Conc#1" [stack: 0x000000016f778000,0x000000016f97b000] [id=66827]
  0x000000014b9092e0 ConcurrentGCThread "G1 Refine#0" [stack: 0x000000016be04000,0x000000016c007000] [id=14083]
  0x000000014b909b80 ConcurrentGCThread "G1 Service" [stack: 0x000000016c010000,0x000000016c213000] [id=18947]

Threads with active compile tasks:

VM state: not at safepoint (normal execution)

VM Mutex/Monitor currently owned by a thread: None

Heap address: 0x0000000780000000, size: 2048 MB, Compressed Oops mode: Zero based, Oop shift amount: 3

CDS archive(s) not mapped
Compressed class space mapped at: 0x0000000800000000-0x0000000840000000, reserved size: 1073741824
Narrow klass base: 0x0000000800000000, Narrow klass shift: 0, Narrow klass range: 0x40000000

GC Precious Log:
 CPUs: 8 total, 8 available
 Memory: 8192M
 Large Page Support: Disabled
 NUMA Support: Disabled
 Compressed Oops: Enabled (Zero based)
 Heap Region Size: 1M
 Heap Min Capacity: 8M
 Heap Initial Capacity: 128M
 Heap Max Capacity: 2G
 Pre-touch: Disabled
 Parallel Workers: 8
 Concurrent Workers: 2
 Concurrent Refinement Workers: 8
 Periodic GC: Disabled

Heap:
 garbage-first heap   total 30720K, used 13137K [0x0000000780000000, 0x0000000800000000)
  region size 1024K, 9 young (9216K), 4 survivors (4096K)
 Metaspace       used 22073K, committed 22336K, reserved 1073152K
  class space    used 2931K, committed 3072K, reserved 1048576K

Heap Regions: E=young(eden), S=young(survivor), O=old, HS=humongous(starts), HC=humongous(continues), CS=collection set, F=free, OA=open archive, CA=closed archive, TAMS=top-at-mark-start (previous, next)
|   0|0x0000000780000000, 0x0000000780100000, 0x0000000780100000|100%| O|  |TAMS 0x0000000780023e00, 0x0000000780000000| Untracked 
|   1|0x0000000780100000, 0x0000000780200000, 0x0000000780200000|100%| O|  |TAMS 0x0000000780100000, 0x0000000780100000| Untracked 
|   2|0x0000000780200000, 0x00000007802ffff8, 0x0000000780300000| 99%| O|  |TAMS 0x0000000780200000, 0x0000000780200000| Untracked 
|   3|0x0000000780300000, 0x000000078032f800, 0x0000000780400000| 18%| O|  |TAMS 0x0000000780300000, 0x0000000780300000| Complete 
|   4|0x0000000780400000, 0x0000000780500000, 0x0000000780500000|100%|HS|  |TAMS 0x0000000780400000, 0x0000000780400000| Complete 
|   5|0x0000000780500000, 0x0000000780600000, 0x0000000780600000|100%|HC|  |TAMS 0x0000000780500000, 0x0000000780500000| Complete 
|   6|0x0000000780600000, 0x0000000780600000, 0x0000000780700000|  0%| F|  |TAMS 0x0000000780600000, 0x0000000780600000| Untracked 
|   7|0x0000000780700000, 0x0000000780700000, 0x0000000780800000|  0%| F|  |TAMS 0x0000000780700000, 0x0000000780700000| Untracked 
|   8|0x0000000780800000, 0x0000000780800000, 0x0000000780900000|  0%| F|  |TAMS 0x0000000780800000, 0x0000000780800000| Untracked 
|   9|0x0000000780900000, 0x0000000780900000, 0x0000000780a00000|  0%| F|  |TAMS 0x0000000780900000, 0x0000000780900000| Untracked 
|  10|0x0000000780a00000, 0x0000000780a00000, 0x0000000780b00000|  0%| F|  |TAMS 0x0000000780a00000, 0x0000000780a00000| Untracked 
|  11|0x0000000780b00000, 0x0000000780b00000, 0x0000000780c00000|  0%| F|  |TAMS 0x0000000780b00000, 0x0000000780b00000| Untracked 
|  12|0x0000000780c00000, 0x0000000780c00000, 0x0000000780d00000|  0%| F|  |TAMS 0x0000000780c00000, 0x0000000780c00000| Untracked 
|  13|0x0000000780d00000, 0x0000000780d00000, 0x0000000780e00000|  0%| F|  |TAMS 0x0000000780d00000, 0x0000000780d00000| Untracked 
|  14|0x0000000780e00000, 0x0000000780e00000, 0x0000000780f00000|  0%| F|  |TAMS 0x0000000780e00000, 0x0000000780e00000| Untracked 
|  15|0x0000000780f00000, 0x0000000780f00000, 0x0000000781000000|  0%| F|  |TAMS 0x0000000780f00000, 0x0000000780f00000| Untracked 
|  16|0x0000000781000000, 0x0000000781000000, 0x0000000781100000|  0%| F|  |TAMS 0x0000000781000000, 0x0000000781000000| Untracked 
|  17|0x0000000781100000, 0x0000000781100000, 0x0000000781200000|  0%| F|  |TAMS 0x0000000781100000, 0x0000000781100000| Untracked 
|  18|0x0000000781200000, 0x0000000781200000, 0x0000000781300000|  0%| F|  |TAMS 0x0000000781200000, 0x0000000781200000| Untracked 
|  19|0x0000000781300000, 0x0000000781300000, 0x0000000781400000|  0%| F|  |TAMS 0x0000000781300000, 0x0000000781300000| Untracked 
|  20|0x0000000781400000, 0x0000000781400000, 0x0000000781500000|  0%| F|  |TAMS 0x0000000781400000, 0x0000000781400000| Untracked 
|  21|0x0000000781500000, 0x0000000781562ae8, 0x0000000781600000| 38%| E|  |TAMS 0x0000000781500000, 0x0000000781500000| Complete 
|  22|0x0000000781600000, 0x0000000781700000, 0x0000000781700000|100%| E|CS|TAMS 0x0000000781600000, 0x0000000781600000| Complete 
|  23|0x0000000781700000, 0x0000000781800000, 0x0000000781800000|100%| E|CS|TAMS 0x0000000781700000, 0x0000000781700000| Complete 
|  24|0x0000000781800000, 0x0000000781900000, 0x0000000781900000|100%| E|CS|TAMS 0x0000000781800000, 0x0000000781800000| Complete 
|  92|0x0000000785c00000, 0x0000000785ca4fa8, 0x0000000785d00000| 64%| S|CS|TAMS 0x0000000785c00000, 0x0000000785c00000| Complete 
|  93|0x0000000785d00000, 0x0000000785e00000, 0x0000000785e00000|100%| S|CS|TAMS 0x0000000785d00000, 0x0000000785d00000| Complete 
|  94|0x0000000785e00000, 0x0000000785f00000, 0x0000000785f00000|100%| S|CS|TAMS 0x0000000785e00000, 0x0000000785e00000| Complete 
|  95|0x0000000785f00000, 0x0000000786000000, 0x0000000786000000|100%| S|CS|TAMS 0x0000000785f00000, 0x0000000785f00000| Complete 
| 127|0x0000000787f00000, 0x0000000788000000, 0x0000000788000000|100%| E|CS|TAMS 0x0000000787f00000, 0x0000000787f00000| Complete 

Card table byte_map: [0x00000001051a4000,0x00000001055a4000] _byte_map_base: 0x00000001015a4000

Marking Bits (Prev, Next): (CMBitMap*) 0x000000014c82e050, (CMBitMap*) 0x000000014c82e010
 Prev Bits: [0x000000011f554000, 0x0000000121554000)
 Next Bits: [0x000000011d554000, 0x000000011f554000)

Polling page: 0x0000000104a3c000

Metaspace:

Usage:
  Non-class:     18.69 MB used.
      Class:      2.86 MB used.
       Both:     21.56 MB used.

Virtual space:
  Non-class space:       24.00 MB reserved,      18.81 MB ( 78%) committed,  3 nodes.
      Class space:        1.00 GB reserved,       3.00 MB ( <1%) committed,  1 nodes.
             Both:        1.02 GB reserved,      21.81 MB (  2%) committed. 

Chunk freelists:
   Non-Class:  944.00 KB
       Class:  976.00 KB
        Both:  1.88 MB

MaxMetaspaceSize: unlimited
CompressedClassSpaceSize: 1.00 GB
Initial GC threshold: 21.00 MB
Current GC threshold: 35.12 MB
CDS: off
MetaspaceReclaimPolicy: balanced
 - commit_granule_bytes: 65536.
 - commit_granule_words: 8192.
 - virtual_space_node_default_size: 1048576.
 - enlarge_chunks_in_place: 1.
 - new_chunks_are_fully_committed: 0.
 - uncommit_free_chunks: 1.
 - use_allocation_guard: 0.
 - handle_deallocations: 1.


Internal statistics:

num_allocs_failed_limit: 3.
num_arena_births: 192.
num_arena_deaths: 0.
num_vsnodes_births: 4.
num_vsnodes_deaths: 0.
num_space_committed: 349.
num_space_uncommitted: 0.
num_chunks_returned_to_freelist: 3.
num_chunks_taken_from_freelist: 681.
num_chunk_merges: 0.
num_chunk_splits: 477.
num_chunks_enlarged: 382.
num_purges: 0.
num_inconsistent_stats: 0.

CodeHeap 'non-profiled nmethods': size=120032Kb used=640Kb max_used=640Kb free=119391Kb
 bounds [0x000000011601c000, 0x000000011628c000, 0x000000011d554000]
CodeHeap 'profiled nmethods': size=120016Kb used=3650Kb max_used=3650Kb free=116366Kb
 bounds [0x000000010eae8000, 0x000000010ee88000, 0x000000011601c000]
CodeHeap 'non-nmethods': size=5712Kb used=1359Kb max_used=1477Kb free=4353Kb
 bounds [0x000000010e554000, 0x000000010e7c4000, 0x000000010eae8000]
 total_blobs=2549 nmethods=1809 adapters=656
 compilation: enabled
              stopped_count=0, restarted_count=0
 full_count=0

Compilation events (20 events):
Event: 4.179 Thread 0x000000014c019200 nmethod 1863 0x00000001160bba10 code [0x00000001160bbb80, 0x00000001160bbc68]
Event: 4.179 Thread 0x000000014c019200 1864       1       com.sun.prism.impl.BaseGraphics::isDepthBuffer (5 bytes)
Event: 4.179 Thread 0x000000014c019200 nmethod 1864 0x00000001160bbd10 code [0x00000001160bbe80, 0x00000001160bbf68]
Event: 4.180 Thread 0x000000014c019200 1865       1       com.sun.prism.impl.BaseGraphics::setDepthTest (6 bytes)
Event: 4.180 Thread 0x000000014c019200 nmethod 1865 0x00000001160bc010 code [0x00000001160bc180, 0x00000001160bc268]
Event: 4.180 Thread 0x000000014c019200 1866       3       com.sun.javafx.geom.transform.AffineBase::isTranslateOrIdentity (22 bytes)
Event: 4.180 Thread 0x000000014c019200 nmethod 1866 0x000000010ee73d90 code [0x000000010ee73f80, 0x000000010ee74488]
Event: 4.180 Thread 0x000000014c019200 1867       3       com.sun.javafx.sg.prism.NGGroup::renderForcedContent (43 bytes)
Event: 4.180 Thread 0x000000014c019200 nmethod 1867 0x000000010ee74590 code [0x000000010ee747c0, 0x000000010ee74fa8]
Event: 4.180 Thread 0x000000014c019200 1868       3       com.sun.javafx.sg.prism.NGGroup::getOrderedChildren (22 bytes)
Event: 4.180 Thread 0x000000014c019200 nmethod 1868 0x000000010ee75210 code [0x000000010ee753c0, 0x000000010ee75658]
Event: 4.262 Thread 0x000000014c019200 1869       3       java.util.concurrent.atomic.AtomicBoolean::getAndSet (25 bytes)
Event: 4.263 Thread 0x000000014c019200 nmethod 1869 0x000000010ee75710 code [0x000000010ee759c0, 0x000000010ee762c8]
Event: 4.263 Thread 0x000000014c019200 1870       3       java.lang.invoke.VarHandleInts$FieldInstanceReadWrite::getAndSet (28 bytes)
Event: 4.263 Thread 0x000000014c019200 nmethod 1870 0x000000010ee76610 code [0x000000010ee76840, 0x000000010ee76df8]
Event: 4.362 Thread 0x000000014c019200 1871       3       java.util.concurrent.locks.AbstractQueuedSynchronizer$Node::<init> (5 bytes)
Event: 4.362 Thread 0x000000014c019200 nmethod 1871 0x000000010ee77090 code [0x000000010ee77240, 0x000000010ee773e8]
Event: 4.395 Thread 0x000000014c019200 1872       3       java.util.concurrent.locks.AbstractQueuedSynchronizer$Node::setPrevRelaxed (12 bytes)
Event: 4.395 Thread 0x000000014c019200 nmethod 1872 0x000000010ee77490 code [0x000000010ee77640, 0x000000010ee777e8]
Event: 4.545 Thread 0x000000014c019200 1873       3       com.sun.javafx.tk.quantum.QuantumToolkit$$Lambda$95/0x00000008000f8000::run (8 bytes)

GC Heap History (4 events):
Event: 0.348 GC heap before
{Heap before GC invocations=0 (full 0):
 garbage-first heap   total 131072K, used 22528K [0x0000000780000000, 0x0000000800000000)
  region size 1024K, 23 young (23552K), 0 survivors (0K)
 Metaspace       used 13684K, committed 13952K, reserved 1064960K
  class space    used 1478K, committed 1600K, reserved 1048576K
}
Event: 0.349 GC heap after
{Heap after GC invocations=1 (full 0):
 garbage-first heap   total 131072K, used 3215K [0x0000000780000000, 0x0000000800000000)
  region size 1024K, 3 young (3072K), 3 survivors (3072K)
 Metaspace       used 13684K, committed 13952K, reserved 1064960K
  class space    used 1478K, committed 1600K, reserved 1048576K
}
Event: 0.699 GC heap before
{Heap before GC invocations=1 (full 0):
 garbage-first heap   total 131072K, used 31887K [0x0000000780000000, 0x0000000800000000)
  region size 1024K, 32 young (32768K), 3 survivors (3072K)
 Metaspace       used 21338K, committed 21504K, reserved 1073152K
  class space    used 2847K, committed 2944K, reserved 1048576K
}
Event: 0.701 GC heap after
{Heap after GC invocations=2 (full 0):
 garbage-first heap   total 131072K, used 6993K [0x0000000780000000, 0x0000000800000000)
  region size 1024K, 4 young (4096K), 4 survivors (4096K)
 Metaspace       used 21338K, committed 21504K, reserved 1073152K
  class space    used 2847K, committed 2944K, reserved 1048576K
}

Deoptimization events (20 events):
Event: 0.615 Thread 0x000000014b009e00 DEOPT PACKING pc=0x000000011608e830 sp=0x000000016b541840
Event: 0.615 Thread 0x000000014b009e00 DEOPT UNPACKING pc=0x000000010e592d1c sp=0x000000016b5417d0 mode 2
Event: 0.615 Thread 0x000000014b009e00 Uncommon trap: trap_request=0xffffffde fr.pc=0x000000011608e830 relative=0x00000000000000f0
Event: 0.615 Thread 0x000000014b009e00 Uncommon trap: reason=class_check action=maybe_recompile pc=0x000000011608e830 method=jdk.internal.misc.Unsafe.allocateUninitializedArray(Ljava/lang/Class;I)Ljava/lang/Object; @ 51 c2
Event: 0.615 Thread 0x000000014b009e00 DEOPT PACKING pc=0x000000011608e830 sp=0x000000016b541840
Event: 0.615 Thread 0x000000014b009e00 DEOPT UNPACKING pc=0x000000010e592d1c sp=0x000000016b5417d0 mode 2
Event: 0.644 Thread 0x000000014b009e00 Uncommon trap: trap_request=0xffffff45 fr.pc=0x0000000116094f24 relative=0x0000000000000064
Event: 0.644 Thread 0x000000014b009e00 Uncommon trap: reason=unstable_if action=reinterpret pc=0x0000000116094f24 method=java.util.Objects.equals(Ljava/lang/Object;Ljava/lang/Object;)Z @ 6 c2
Event: 0.644 Thread 0x000000014b009e00 DEOPT PACKING pc=0x0000000116094f24 sp=0x000000016b541940
Event: 0.644 Thread 0x000000014b009e00 DEOPT UNPACKING pc=0x000000010e592d1c sp=0x000000016b5418e0 mode 2
Event: 0.645 Thread 0x000000014b009e00 Uncommon trap: trap_request=0xffffff45 fr.pc=0x00000001160671dc relative=0x000000000000019c
Event: 0.645 Thread 0x000000014b009e00 Uncommon trap: reason=unstable_if action=reinterpret pc=0x00000001160671dc method=java.io.ByteArrayInputStream.read()I @ 8 c2
Event: 0.645 Thread 0x000000014b009e00 DEOPT PACKING pc=0x00000001160671dc sp=0x000000016b540ab0
Event: 0.645 Thread 0x000000014b009e00 DEOPT UNPACKING pc=0x000000010e592d1c sp=0x000000016b540a30 mode 2
Event: 0.739 Thread 0x000000014c8b3000 DEOPT PACKING pc=0x000000010ee326f4 sp=0x000000016ddc41c0
Event: 0.739 Thread 0x000000014c8b3000 DEOPT UNPACKING pc=0x000000010e592b7c sp=0x000000016ddc3e20 mode 0
Event: 0.739 Thread 0x000000014c8b3000 DEOPT PACKING pc=0x000000010ee326f4 sp=0x000000016ddc41c0
Event: 0.739 Thread 0x000000014c8b3000 DEOPT UNPACKING pc=0x000000010e592b7c sp=0x000000016ddc3e20 mode 0
Event: 0.739 Thread 0x000000014c8b3000 DEOPT PACKING pc=0x000000010ee326f4 sp=0x000000016ddc41c0
Event: 0.739 Thread 0x000000014c8b3000 DEOPT UNPACKING pc=0x000000010e592b7c sp=0x000000016ddc3e20 mode 0

Classes unloaded (0 events):
No events

Classes redefined (0 events):
No events

Internal exceptions (20 events):
Event: 0.335 Thread 0x000000014b009e00 Exception <a 'java/lang/NoSuchMethodError'{0x0000000786a1be40}: 'java.lang.Object java.lang.invoke.DirectMethodHandle$Holder.invokeSpecial(java.lang.Object, java.lang.Object, java.lang.Object, int, java.lang.Object)'> (0x0000000786a1be40) 
thrown [../../src/hotspot/share/interpreter/linkResolver.cpp, line 766]
Event: 0.371 Thread 0x000000014b009e00 Exception <a 'java/lang/NoSuchMethodError'{0x0000000787b01590}: 'void java.lang.invoke.DirectMethodHandle$Holder.invokeStaticInit(java.lang.Object, java.lang.Object)'> (0x0000000787b01590) 
thrown [../../src/hotspot/share/interpreter/linkResolver.cpp, line 766]
Event: 0.375 Thread 0x000000014b009e00 Exception <a 'java/lang/NoSuchMethodError'{0x0000000787a067b8}: 'void java.lang.invoke.DirectMethodHandle$Holder.invokeSpecial(java.lang.Object, java.lang.Object, java.lang.Object, java.lang.Object, java.lang.Object)'> (0x0000000787a067b8) 
thrown [../../src/hotspot/share/interpreter/linkResolver.cpp, line 766]
Event: 0.409 Thread 0x000000014b009e00 Implicit null exception at 0x000000011605d5f8 to 0x000000011605d688
Event: 0.414 Thread 0x000000014b009e00 Implicit null exception at 0x0000000116068914 to 0x0000000116068c9c
Event: 0.415 Thread 0x000000014b009e00 Implicit null exception at 0x00000001160654d4 to 0x000000011606582c
Event: 0.445 Thread 0x000000014b009e00 Exception <a 'java/io/FileNotFoundException'{0x000000078730aee8}> (0x000000078730aee8) 
thrown [../../src/hotspot/share/prims/jni.cpp, line 516]
Event: 0.467 Thread 0x000000014b009e00 Exception <a 'java/lang/ClassNotFoundException'{0x00000007871ed188}: com/sun/javafx/scene/control/skin/resources/controls> (0x00000007871ed188) 
thrown [../../src/hotspot/share/prims/jni.cpp, line 535]
Event: 0.468 Thread 0x000000014b009e00 Exception <a 'java/lang/ClassNotFoundException'{0x00000007871fb128}: com/sun/javafx/scene/control/skin/resources/controls_en> (0x00000007871fb128) 
thrown [../../src/hotspot/share/prims/jni.cpp, line 535]
Event: 0.468 Thread 0x000000014b009e00 Exception <a 'java/lang/ClassNotFoundException'{0x00000007871fc730}: com/sun/javafx/scene/control/skin/resources/controls_en_NO> (0x00000007871fc730) 
thrown [../../src/hotspot/share/prims/jni.cpp, line 535]
Event: 0.481 Thread 0x000000014b009e00 Exception <a 'java/lang/NoSuchMethodError'{0x0000000786fbaf88}: 'void java.lang.invoke.DirectMethodHandle$Holder.invokeSpecial(java.lang.Object, java.lang.Object, java.lang.Object, java.lang.Object, java.lang.Object, java.lang.Object)'> (0x0000000786fbaf88) 
thrown [../../src/hotspot/share/interpreter/linkResolver.cpp, line 766]
Event: 0.607 Thread 0x000000014b009e00 Exception <a 'java/lang/NoSuchMethodError'{0x0000000786bd6e00}: 'java.lang.Object java.lang.invoke.DirectMethodHandle$Holder.invokeInterface(java.lang.Object, java.lang.Object, java.lang.Object)'> (0x0000000786bd6e00) 
thrown [../../src/hotspot/share/interpreter/linkResolver.cpp, line 766]
Event: 0.607 Thread 0x000000014b009e00 Exception <a 'java/lang/IncompatibleClassChangeError'{0x0000000786bda788}: Found class java.lang.Object, but interface was expected> (0x0000000786bda788) 
thrown [../../src/hotspot/share/interpreter/linkResolver.cpp, line 833]
Event: 0.649 Thread 0x000000014b009e00 Exception <a 'java/lang/NoSuchMethodError'{0x00000007863a30e0}: 'java.lang.Object java.lang.invoke.DirectMethodHandle$Holder.newInvokeSpecial(java.lang.Object, java.lang.Object, int, int)'> (0x00000007863a30e0) 
thrown [../../src/hotspot/share/interpreter/linkResolver.cpp, line 766]
Event: 0.652 Thread 0x000000014b009e00 Exception <a 'java/lang/NoSuchMethodError'{0x00000007863b7148}: 'java.lang.Object java.lang.invoke.DirectMethodHandle$Holder.newInvokeSpecial(java.lang.Object, java.lang.Object, int)'> (0x00000007863b7148) 
thrown [../../src/hotspot/share/interpreter/linkResolver.cpp, line 766]
Event: 0.684 Thread 0x000000014c8b3000 Exception <a 'java/lang/NoSuchMethodError'{0x00000007862dc230}: 'int java.lang.invoke.DirectMethodHandle$Holder.invokeStaticInit(java.lang.Object, java.lang.Object)'> (0x00000007862dc230) 
thrown [../../src/hotspot/share/interpreter/linkResolver.cpp, line 766]
Event: 0.696 Thread 0x000000014b009e00 Exception <a 'java/lang/NoSuchMethodError'{0x00000007861c4718}: 'long java.lang.invoke.DirectMethodHandle$Holder.invokeStatic(java.lang.Object, java.lang.Object, java.lang.Object)'> (0x00000007861c4718) 
thrown [../../src/hotspot/share/interpreter/linkResolver.cpp, line 766]
Event: 0.696 Thread 0x000000014b009e00 Exception <a 'java/lang/NoSuchMethodError'{0x00000007861c7ec0}: 'long java.lang.invoke.DirectMethodHandle$Holder.invokeStaticInit(java.lang.Object, java.lang.Object, java.lang.Object)'> (0x00000007861c7ec0) 
thrown [../../src/hotspot/share/interpreter/linkResolver.cpp, line 766]
Event: 0.696 Thread 0x000000014b009e00 Exception <a 'java/lang/NoSuchMethodError'{0x00000007861dfac8}: 'java.lang.Object java.lang.invoke.DirectMethodHandle$Holder.newInvokeSpecial(java.lang.Object, java.lang.Object, long)'> (0x00000007861dfac8) 
thrown [../../src/hotspot/share/interpreter/linkResolver.cpp, line 766]
Event: 0.696 Thread 0x000000014b009e00 Exception <a 'java/lang/NoSuchMethodError'{0x00000007861e3390}: 'java.lang.Object java.lang.invoke.Invokers$Holder.linkToTargetMethod(java.lang.Object, long, java.lang.Object)'> (0x00000007861e3390) 
thrown [../../src/hotspot/share/interpreter/linkResolver.cpp, line 766]

VM Operations (20 events):
Event: 0.389 Executing VM operation: HandshakeAllThreads
Event: 0.389 Executing VM operation: HandshakeAllThreads done
Event: 0.592 Executing VM operation: HandshakeAllThreads
Event: 0.592 Executing VM operation: HandshakeAllThreads done
Event: 0.613 Executing VM operation: ICBufferFull
Event: 0.613 Executing VM operation: ICBufferFull done
Event: 0.648 Executing VM operation: ICBufferFull
Event: 0.648 Executing VM operation: ICBufferFull done
Event: 0.698 Executing VM operation: CollectForMetadataAllocation
Event: 0.701 Executing VM operation: CollectForMetadataAllocation done
Event: 0.703 Executing VM operation: G1Concurrent
Event: 0.703 Executing VM operation: G1Concurrent done
Event: 0.704 Executing VM operation: G1Concurrent
Event: 0.704 Executing VM operation: G1Concurrent done
Event: 1.709 Executing VM operation: Cleanup
Event: 1.709 Executing VM operation: Cleanup done
Event: 2.714 Executing VM operation: Cleanup
Event: 2.714 Executing VM operation: Cleanup done
Event: 3.719 Executing VM operation: Cleanup
Event: 3.719 Executing VM operation: Cleanup done

Events (20 events):
Event: 0.702 loading class jdk/internal/reflect/UnsafeFieldAccessorFactory
Event: 0.702 loading class jdk/internal/reflect/UnsafeFieldAccessorFactory done
Event: 0.702 loading class jdk/internal/reflect/UnsafeQualifiedStaticObjectFieldAccessorImpl
Event: 0.702 loading class jdk/internal/reflect/UnsafeQualifiedStaticFieldAccessorImpl
Event: 0.702 loading class jdk/internal/reflect/UnsafeQualifiedStaticFieldAccessorImpl done
Event: 0.702 loading class jdk/internal/reflect/UnsafeQualifiedStaticObjectFieldAccessorImpl done
Event: 0.709 loading class java/nio/DirectByteBuffer$Deallocator
Event: 0.709 loading class java/nio/DirectByteBuffer$Deallocator done
Event: 0.709 loading class java/nio/DirectShortBufferU
Event: 0.709 loading class java/nio/ShortBuffer
Event: 0.709 loading class java/nio/ShortBuffer done
Event: 0.709 loading class java/nio/DirectShortBufferU done
Event: 0.714 loading class java/nio/FloatBuffer
Event: 0.714 loading class java/nio/FloatBuffer done
Event: 0.714 loading class java/nio/DoubleBuffer
Event: 0.714 loading class java/nio/DoubleBuffer done
Event: 0.714 loading class java/nio/DirectFloatBufferU
Event: 0.715 loading class java/nio/DirectFloatBufferU done
Event: 0.732 loading class jdk/internal/misc/ScopedMemoryAccess$Scope
Event: 0.732 loading class jdk/internal/misc/ScopedMemoryAccess$Scope done


Dynamic libraries:
0x00000001049ec000 	/Users/system/.sdkman/candidates/java/17.0.1-tem/lib/libjli.dylib
0x000000019eed1000 	/usr/lib/libz.1.dylib
0x000000019ef88000 	/usr/lib/libSystem.B.dylib
0x000000019ef82000 	/usr/lib/system/libcache.dylib
0x000000019ef40000 	/usr/lib/system/libcommonCrypto.dylib
0x000000019ef69000 	/usr/lib/system/libcompiler_rt.dylib
0x000000019ef60000 	/usr/lib/system/libcopyfile.dylib
0x00000001941a7000 	/usr/lib/system/libcorecrypto.dylib
0x000000019425c000 	/usr/lib/system/libdispatch.dylib
0x000000019442a000 	/usr/lib/system/libdyld.dylib
0x000000019ef78000 	/usr/lib/system/libkeymgr.dylib
0x000000019ef1b000 	/usr/lib/system/libmacho.dylib
0x000000019e60b000 	/usr/lib/system/libquarantine.dylib
0x000000019ef75000 	/usr/lib/system/libremovefile.dylib
0x00000001995a2000 	/usr/lib/system/libsystem_asl.dylib
0x0000000194149000 	/usr/lib/system/libsystem_blocks.dylib
0x00000001942e4000 	/usr/lib/system/libsystem_c.dylib
0x000000019ef6d000 	/usr/lib/system/libsystem_collections.dylib
0x000000019daa0000 	/usr/lib/system/libsystem_configuration.dylib
0x000000019ccfa000 	/usr/lib/system/libsystem_containermanager.dylib
0x000000019ec78000 	/usr/lib/system/libsystem_coreservices.dylib
0x0000000196b5b000 	/usr/lib/system/libsystem_darwin.dylib
0x000000019ef79000 	/usr/lib/system/libsystem_dnssd.dylib
0x00000001942e1000 	/usr/lib/system/libsystem_featureflags.dylib
0x000000019443f000 	/usr/lib/system/libsystem_info.dylib
0x000000019eee3000 	/usr/lib/system/libsystem_m.dylib
0x0000000194231000 	/usr/lib/system/libsystem_malloc.dylib
0x0000000199530000 	/usr/lib/system/libsystem_networkextension.dylib
0x0000000196fb4000 	/usr/lib/system/libsystem_notify.dylib
0x00000001a52dd000 	/usr/lib/system/libsystem_product_info_filter.dylib
0x000000019daa5000 	/usr/lib/system/libsystem_sandbox.dylib
0x000000019ef72000 	/usr/lib/system/libsystem_secinit.dylib
0x00000001943e5000 	/usr/lib/system/libsystem_kernel.dylib
0x0000000194437000 	/usr/lib/system/libsystem_platform.dylib
0x000000019441d000 	/usr/lib/system/libsystem_pthread.dylib
0x000000019ad06000 	/usr/lib/system/libsystem_symptoms.dylib
0x000000019418d000 	/usr/lib/system/libsystem_trace.dylib
0x000000019ef4d000 	/usr/lib/system/libunwind.dylib
0x000000019414b000 	/usr/lib/system/libxpc.dylib
0x00000001943cd000 	/usr/lib/libc++abi.dylib
0x00000001942a3000 	/usr/lib/libobjc.A.dylib
0x000000019ef58000 	/usr/lib/liboah.dylib
0x0000000194366000 	/usr/lib/libc++.1.dylib
0x00000001aae0b000 	/System/Library/Frameworks/Cocoa.framework/Versions/A/Cocoa
0x0000000197015000 	/System/Library/Frameworks/AppKit.framework/Versions/C/AppKit
0x000000019a52c000 	/System/Library/Frameworks/CoreData.framework/Versions/A/CoreData
0x0000000195370000 	/System/Library/Frameworks/Foundation.framework/Versions/C/Foundation
0x0000000197ece000 	/System/Library/PrivateFrameworks/UIFoundation.framework/Versions/A/UIFoundation
0x00000001a4fd7000 	/System/Library/PrivateFrameworks/RemoteViewServices.framework/Versions/A/RemoteViewServices
0x000000019d448000 	/System/Library/PrivateFrameworks/XCTTargetBootstrap.framework/Versions/A/XCTTargetBootstrap
0x00000001a0cc8000 	/System/Library/PrivateFrameworks/InternationalSupport.framework/Versions/A/InternationalSupport
0x00000001a0d51000 	/System/Library/PrivateFrameworks/UserActivity.framework/Versions/A/UserActivity
0x00000001a01bf000 	/usr/lib/libspindump.dylib
0x000000019813f000 	/System/Library/Frameworks/UniformTypeIdentifiers.framework/Versions/A/UniformTypeIdentifiers
0x000000019b990000 	/usr/lib/libapp_launch_measurement.dylib
0x000000019aeb8000 	/System/Library/PrivateFrameworks/CoreAnalytics.framework/Versions/A/CoreAnalytics
0x000000019b993000 	/System/Library/PrivateFrameworks/CoreAutoLayout.framework/Versions/A/CoreAutoLayout
0x000000019cd37000 	/System/Library/Frameworks/Metal.framework/Versions/A/Metal
0x000000019dab0000 	/usr/lib/liblangid.dylib
0x000000019d44d000 	/System/Library/PrivateFrameworks/CoreSVG.framework/Versions/A/CoreSVG
0x00000001995d6000 	/System/Library/PrivateFrameworks/SkyLight.framework/Versions/A/SkyLight
0x00000001999b2000 	/System/Library/Frameworks/CoreGraphics.framework/Versions/A/CoreGraphics
0x00000001a56a3000 	/System/Library/Frameworks/Accelerate.framework/Versions/A/Accelerate
0x000000019fc36000 	/System/Library/PrivateFrameworks/IconServices.framework/Versions/A/IconServices
0x000000019cd19000 	/System/Library/Frameworks/IOSurface.framework/Versions/A/IOSurface
0x000000019aee9000 	/usr/lib/libDiagnosticMessagesClient.dylib
0x00000001a8ba8000 	/System/Library/Frameworks/ApplicationServices.framework/Versions/A/ApplicationServices
0x000000019d430000 	/System/Library/PrivateFrameworks/DFRFoundation.framework/Versions/A/DFRFoundation
0x00000001968a5000 	/usr/lib/libicucore.A.dylib
0x00000001a1b76000 	/System/Library/Frameworks/AudioToolbox.framework/Versions/A/AudioToolbox
0x00000001a0cd4000 	/System/Library/PrivateFrameworks/DataDetectorsCore.framework/Versions/A/DataDetectorsCore
0x00000001b76f4000 	/System/Library/PrivateFrameworks/TextInput.framework/Versions/A/TextInput
0x000000019954b000 	/usr/lib/libMobileGestalt.dylib
0x000000019d0fc000 	/System/Library/Frameworks/Carbon.framework/Versions/A/Frameworks/HIToolbox.framework/Versions/A/HIToolbox
0x000000019b369000 	/System/Library/Frameworks/QuartzCore.framework/Versions/A/QuartzCore
0x0000000196526000 	/System/Library/Frameworks/Security.framework/Versions/A/Security
0x00000001a5017000 	/System/Library/Frameworks/Carbon.framework/Versions/A/Frameworks/SpeechRecognition.framework/Versions/A/SpeechRecognition
0x000000019b6e5000 	/System/Library/PrivateFrameworks/CoreUI.framework/Versions/A/CoreUI
0x0000000195e02000 	/System/Library/Frameworks/CoreAudio.framework/Versions/A/CoreAudio
0x000000019afdd000 	/System/Library/Frameworks/DiskArbitration.framework/Versions/A/DiskArbitration
0x00000001a05c9000 	/System/Library/PrivateFrameworks/MultitouchSupport.framework/Versions/A/MultitouchSupport
0x0000000199549000 	/usr/lib/libenergytrace.dylib
0x0000000196edd000 	/System/Library/Frameworks/IOKit.framework/Versions/A/IOKit
0x00000001a5406000 	/System/Library/Frameworks/CoreServices.framework/Versions/A/CoreServices
0x000000019b920000 	/System/Library/PrivateFrameworks/PerformanceAnalysis.framework/Versions/A/PerformanceAnalysis
0x00000001f5b9f000 	/System/Library/Frameworks/OpenGL.framework/Versions/A/OpenGL
0x000000019e523000 	/System/Library/PrivateFrameworks/MobileKeyBag.framework/Versions/A/MobileKeyBag
0x0000000199fc0000 	/System/Library/Frameworks/ColorSync.framework/Versions/A/ColorSync
0x000000019446c000 	/System/Library/Frameworks/CoreFoundation.framework/Versions/A/CoreFoundation
0x000000019d6cc000 	/System/Library/Frameworks/CoreImage.framework/Versions/A/CoreImage
0x0000000195c26000 	/System/Library/Frameworks/CoreText.framework/Versions/A/CoreText
0x000000019d47d000 	/System/Library/Frameworks/ImageIO.framework/Versions/A/ImageIO
0x000000019ef8e000 	/System/Library/PrivateFrameworks/SoftLinking.framework/Versions/A/SoftLinking
0x000000019b9de000 	/usr/lib/libxml2.2.dylib
0x000000019f227000 	/usr/lib/libcompression.dylib
0x00000001a0c24000 	/System/Library/PrivateFrameworks/TextureIO.framework/Versions/A/TextureIO
0x000000019f94f000 	/usr/lib/libate.dylib
0x000000019f814000 	/usr/lib/liblzma.5.dylib
0x0000000195063000 	/System/Library/Frameworks/SystemConfiguration.framework/Versions/A/SystemConfiguration
0x000000019ef8a000 	/usr/lib/libfakelink.dylib
0x000000019907b000 	/System/Library/Frameworks/CFNetwork.framework/Versions/A/CFNetwork
0x000000019f0d0000 	/usr/lib/libarchive.2.dylib
0x000000019daac000 	/System/Library/PrivateFrameworks/AppleSystemInfo.framework/Versions/A/AppleSystemInfo
0x000000019e636000 	/usr/lib/libbsm.0.dylib
0x00000001985e8000 	/usr/lib/libnetwork.dylib
0x000000019ef24000 	/usr/lib/system/libkxld.dylib
0x000000019e250000 	/System/Library/PrivateFrameworks/IOMobileFramebuffer.framework/Versions/A/IOMobileFramebuffer
0x0000000213f89000 	/usr/lib/libCoreEntitlements.dylib
0x000000019ec5a000 	/System/Library/PrivateFrameworks/AppleFSCompression.framework/Versions/A/AppleFSCompression
0x000000019e61e000 	/usr/lib/libcoretls.dylib
0x000000019f82d000 	/usr/lib/libcoretls_cfhelpers.dylib
0x000000019f222000 	/usr/lib/libpam.2.dylib
0x000000019a91c000 	/usr/lib/libsqlite3.dylib
0x000000019f896000 	/usr/lib/libxar.1.dylib
0x000000019ec6b000 	/usr/lib/libbz2.1.0.dylib
0x000000019ef8f000 	/usr/lib/libpcap.A.dylib
0x000000019acfd000 	/usr/lib/libdns_services.dylib
0x000000019f1f5000 	/usr/lib/libapple_nghttp2.dylib
0x000000019efcc000 	/usr/lib/libiconv.2.dylib
0x000000019ef1a000 	/usr/lib/libcharset.1.dylib
0x000000019b95c000 	/System/Library/Frameworks/CoreServices.framework/Versions/A/Frameworks/FSEvents.framework/Versions/A/FSEvents
0x0000000196b66000 	/System/Library/Frameworks/CoreServices.framework/Versions/A/Frameworks/CarbonCore.framework/Versions/A/CarbonCore
0x000000019af3d000 	/System/Library/Frameworks/CoreServices.framework/Versions/A/Frameworks/Metadata.framework/Versions/A/Metadata
0x000000019ec7e000 	/System/Library/Frameworks/CoreServices.framework/Versions/A/Frameworks/OSServices.framework/Versions/A/OSServices
0x000000019f156000 	/System/Library/Frameworks/CoreServices.framework/Versions/A/Frameworks/SearchKit.framework/Versions/A/SearchKit
0x000000019ac8b000 	/System/Library/Frameworks/CoreServices.framework/Versions/A/Frameworks/AE.framework/Versions/A/AE
0x00000001949b3000 	/System/Library/Frameworks/CoreServices.framework/Versions/A/Frameworks/LaunchServices.framework/Versions/A/LaunchServices
0x000000019f7bd000 	/System/Library/Frameworks/CoreServices.framework/Versions/A/Frameworks/DictionaryServices.framework/Versions/A/DictionaryServices
0x000000019b969000 	/System/Library/Frameworks/CoreServices.framework/Versions/A/Frameworks/SharedFileList.framework/Versions/A/SharedFileList
0x000000019e60e000 	/usr/lib/libCheckFix.dylib
0x00000001995ba000 	/System/Library/PrivateFrameworks/TCC.framework/Versions/A/TCC
0x000000019dab2000 	/System/Library/PrivateFrameworks/CoreNLP.framework/Versions/A/CoreNLP
0x000000019aeec000 	/System/Library/PrivateFrameworks/MetadataUtilities.framework/Versions/A/MetadataUtilities
0x000000019511d000 	/usr/lib/libmecabra.dylib
0x000000019e647000 	/usr/lib/libmecab.dylib
0x00000001950e9000 	/usr/lib/libCRFSuite.dylib
0x000000019e6a4000 	/usr/lib/libgermantok.dylib
0x000000019f1ce000 	/usr/lib/libThaiTokenizer.dylib
0x000000019afe5000 	/System/Library/Frameworks/Accelerate.framework/Versions/A/Frameworks/vImage.framework/Versions/A/vImage
0x00000001a53dd000 	/System/Library/Frameworks/Accelerate.framework/Versions/A/Frameworks/vecLib.framework/Versions/A/vecLib
0x000000019f8db000 	/System/Library/Frameworks/Accelerate.framework/Versions/A/Frameworks/vecLib.framework/Versions/A/libvMisc.dylib
0x000000019e157000 	/System/Library/Frameworks/Accelerate.framework/Versions/A/Frameworks/vecLib.framework/Versions/A/libvDSP.dylib
0x0000000194d3e000 	/System/Library/Frameworks/Accelerate.framework/Versions/A/Frameworks/vecLib.framework/Versions/A/libBLAS.dylib
0x000000019f2f8000 	/System/Library/Frameworks/Accelerate.framework/Versions/A/Frameworks/vecLib.framework/Versions/A/libLAPACK.dylib
0x000000019e6a7000 	/System/Library/Frameworks/Accelerate.framework/Versions/A/Frameworks/vecLib.framework/Versions/A/libLinearAlgebra.dylib
0x000000019f20d000 	/System/Library/Frameworks/Accelerate.framework/Versions/A/Frameworks/vecLib.framework/Versions/A/libSparseBLAS.dylib
0x000000019f2f3000 	/System/Library/Frameworks/Accelerate.framework/Versions/A/Frameworks/vecLib.framework/Versions/A/libQuadrature.dylib
0x000000019dbab000 	/System/Library/Frameworks/Accelerate.framework/Versions/A/Frameworks/vecLib.framework/Versions/A/libBNNS.dylib
0x0000000194ffc000 	/System/Library/Frameworks/Accelerate.framework/Versions/A/Frameworks/vecLib.framework/Versions/A/libSparse.dylib
0x000000019dba3000 	/System/Library/PrivateFrameworks/LinguisticData.framework/Versions/A/LinguisticData
0x0000000194fb4000 	/System/Library/PrivateFrameworks/Lexicon.framework/Versions/A/Lexicon
0x000000019f8d3000 	/usr/lib/libChineseTokenizer.dylib
0x0000000195762000 	/System/Library/PrivateFrameworks/LanguageModeling.framework/Versions/A/LanguageModeling
0x000000019f1d0000 	/System/Library/PrivateFrameworks/AppleSauce.framework/Versions/A/AppleSauce
0x000000019e23d000 	/System/Library/PrivateFrameworks/CoreEmoji.framework/Versions/A/CoreEmoji
0x000000019f0be000 	/usr/lib/libcmph.dylib
0x000000019b93c000 	/System/Library/Frameworks/OpenDirectory.framework/Versions/A/Frameworks/CFOpenDirectory.framework/Versions/A/CFOpenDirectory
0x000000019b92c000 	/System/Library/Frameworks/OpenDirectory.framework/Versions/A/OpenDirectory
0x000000019f82f000 	/System/Library/PrivateFrameworks/APFS.framework/Versions/A/APFS
0x000000019e55e000 	/System/Library/Frameworks/SecurityFoundation.framework/Versions/A/SecurityFoundation
0x000000019f8a5000 	/usr/lib/libutil.dylib
0x0000000196e9f000 	/System/Library/PrivateFrameworks/CoreServicesStore.framework/Versions/A/CoreServicesStore
0x000000019f8a9000 	/usr/lib/libxslt.1.dylib
0x000000019e5f2000 	/System/Library/PrivateFrameworks/BackgroundTaskManagement.framework/Versions/A/BackgroundTaskManagement
0x00000001a0b45000 	/System/Library/Frameworks/ImageIO.framework/Versions/A/Resources/libRadiance.dylib
0x00000001a0b4e000 	/System/Library/Frameworks/ImageIO.framework/Versions/A/Resources/libJPEG.dylib
0x00000001a0aa1000 	/System/Library/Frameworks/ImageIO.framework/Versions/A/Resources/libPng.dylib
0x00000001a0ac3000 	/System/Library/Frameworks/ImageIO.framework/Versions/A/Resources/libTIFF.dylib
0x00000001a0ba9000 	/System/Library/Frameworks/ImageIO.framework/Versions/A/Resources/libGIF.dylib
0x00000001a04d9000 	/System/Library/Frameworks/ImageIO.framework/Versions/A/Resources/libJP2.dylib
0x000000019fbfb000 	/usr/lib/libexpat.1.dylib
0x00000001a0494000 	/System/Library/PrivateFrameworks/AppleJPEG.framework/Versions/A/AppleJPEG
0x000000019cfb8000 	/System/Library/PrivateFrameworks/FontServices.framework/libFontParser.dylib
0x000000019ac30000 	/System/Library/PrivateFrameworks/RunningBoardServices.framework/Versions/A/RunningBoardServices
0x00000001ab4e2000 	/System/Library/PrivateFrameworks/IOSurfaceAccelerator.framework/Versions/A/IOSurfaceAccelerator
0x00000001a05c5000 	/System/Library/PrivateFrameworks/WatchdogClient.framework/Versions/A/WatchdogClient
0x0000000195862000 	/System/Library/Frameworks/CoreDisplay.framework/Versions/A/CoreDisplay
0x000000019cea2000 	/System/Library/Frameworks/CoreMedia.framework/Versions/A/CoreMedia
0x000000019cd2d000 	/System/Library/PrivateFrameworks/IOAccelerator.framework/Versions/A/IOAccelerator
0x000000019bacc000 	/System/Library/Frameworks/CoreVideo.framework/Versions/A/CoreVideo
0x000000019f220000 	/System/Library/Frameworks/MetalPerformanceShaders.framework/Versions/A/MetalPerformanceShaders
0x00000001a0604000 	/System/Library/Frameworks/VideoToolbox.framework/Versions/A/VideoToolbox
0x000000019ab74000 	/System/Library/PrivateFrameworks/BaseBoard.framework/Versions/A/BaseBoard
0x000000019a902000 	/System/Library/PrivateFrameworks/ProtocolBuffer.framework/Versions/A/ProtocolBuffer
0x00000001a0b40000 	/System/Library/PrivateFrameworks/GPUWrangler.framework/Versions/A/GPUWrangler
0x00000001a0b20000 	/System/Library/PrivateFrameworks/IOPresentment.framework/Versions/A/IOPresentment
0x00000001a0b48000 	/System/Library/PrivateFrameworks/DSExternalDisplay.framework/Versions/A/DSExternalDisplay
0x00000001f5b92000 	/System/Library/Frameworks/OpenGL.framework/Versions/A/Libraries/libCoreFSCache.dylib
0x0000000200a5c000 	/System/Library/PrivateFrameworks/GPUCompiler.framework/Versions/31001/Libraries/libGPUCompilerUtils.dylib
0x00000001a0bae000 	/System/Library/PrivateFrameworks/CMCaptureCore.framework/Versions/A/CMCaptureCore
0x00000001a01ac000 	/System/Library/PrivateFrameworks/AppServerSupport.framework/Versions/A/AppServerSupport
0x00000001a2434000 	/System/Library/PrivateFrameworks/perfdata.framework/Versions/A/perfdata
0x0000000195982000 	/System/Library/PrivateFrameworks/AudioToolboxCore.framework/Versions/A/AudioToolboxCore
0x000000019ce7b000 	/System/Library/PrivateFrameworks/caulk.framework/Versions/A/caulk
0x00000001a1d29000 	/usr/lib/libAudioStatistics.dylib
0x00000001b3d47000 	/System/Library/PrivateFrameworks/SystemPolicy.framework/Versions/A/SystemPolicy
0x00000001a1f95000 	/usr/lib/libSMC.dylib
0x00000001aace9000 	/System/Library/Frameworks/CoreMIDI.framework/Versions/A/CoreMIDI
0x00000001a0a6f000 	/usr/lib/libAudioToolboxUtility.dylib
0x00000001afeaa000 	/System/Library/PrivateFrameworks/OSAServicesClient.framework/Versions/A/OSAServicesClient
0x00000001a2441000 	/usr/lib/libperfcheck.dylib
0x00000001b4866000 	/usr/lib/libmis.dylib
0x00000001f5bf4000 	/System/Library/Frameworks/OpenGL.framework/Versions/A/Libraries/libGLU.dylib
0x00000001f5bb3000 	/System/Library/Frameworks/OpenGL.framework/Versions/A/Libraries/libGFXShared.dylib
0x00000001f5da0000 	/System/Library/Frameworks/OpenGL.framework/Versions/A/Libraries/libGL.dylib
0x00000001f5bbc000 	/System/Library/Frameworks/OpenGL.framework/Versions/A/Libraries/libGLImage.dylib
0x00000001f5bb0000 	/System/Library/Frameworks/OpenGL.framework/Versions/A/Libraries/libCVMSPluginSupport.dylib
0x00000001f5b99000 	/System/Library/Frameworks/OpenGL.framework/Versions/A/Libraries/libCoreVMClient.dylib
0x000000019da2c000 	/System/Library/Frameworks/MetalPerformanceShaders.framework/Versions/A/Frameworks/MPSCore.framework/Versions/A/MPSCore
0x000000019ebcd000 	/System/Library/Frameworks/MetalPerformanceShaders.framework/Versions/A/Frameworks/MPSImage.framework/Versions/A/MPSImage
0x000000019e6bc000 	/System/Library/Frameworks/MetalPerformanceShaders.framework/Versions/A/Frameworks/MPSNeuralNetwork.framework/Versions/A/MPSNeuralNetwork
0x000000019eaf5000 	/System/Library/Frameworks/MetalPerformanceShaders.framework/Versions/A/Frameworks/MPSMatrix.framework/Versions/A/MPSMatrix
0x000000019e8ce000 	/System/Library/Frameworks/MetalPerformanceShaders.framework/Versions/A/Frameworks/MPSRayIntersector.framework/Versions/A/MPSRayIntersector
0x000000019eb26000 	/System/Library/Frameworks/MetalPerformanceShaders.framework/Versions/A/Frameworks/MPSNDArray.framework/Versions/A/MPSNDArray
0x00000001f869b000 	/System/Library/Frameworks/MetalPerformanceShaders.framework/Versions/A/Frameworks/MPSFunctions.framework/Versions/A/MPSFunctions
0x0000000194c14000 	/System/Library/PrivateFrameworks/MetalTools.framework/Versions/A/MetalTools
0x000000019daaa000 	/System/Library/PrivateFrameworks/AggregateDictionary.framework/Versions/A/AggregateDictionary
0x000000019f9e0000 	/usr/lib/libIOReport.dylib
0x00000001a9d02000 	/System/Library/PrivateFrameworks/ASEProcessing.framework/Versions/A/ASEProcessing
0x000000019fd55000 	/System/Library/PrivateFrameworks/FaceCore.framework/Versions/A/FaceCore
0x000000019fd47000 	/System/Library/PrivateFrameworks/GraphVisualizer.framework/Versions/A/GraphVisualizer
0x0000000200973000 	/System/Library/PrivateFrameworks/FontServices.framework/Versions/A/FontServices
0x00000001a0168000 	/System/Library/PrivateFrameworks/OTSVG.framework/Versions/A/OTSVG
0x000000019b695000 	/System/Library/Frameworks/ApplicationServices.framework/Versions/A/Frameworks/ATS.framework/Versions/A/Resources/libFontRegistry.dylib
0x00000001a01b5000 	/System/Library/PrivateFrameworks/FontServices.framework/libhvf.dylib
0x0000000200974000 	/System/Library/PrivateFrameworks/FontServices.framework/libXTFontStaticRegistryData.dylib
0x00000001f5f41000 	/System/Library/Frameworks/OpenCL.framework/Versions/A/OpenCL
0x000000019fbaf000 	/System/Library/PrivateFrameworks/AppleVA.framework/Versions/A/AppleVA
0x00000001a1d51000 	/System/Library/Frameworks/ApplicationServices.framework/Versions/A/Frameworks/ATS.framework/Versions/A/ATS
0x000000019a0bf000 	/System/Library/Frameworks/ApplicationServices.framework/Versions/A/Frameworks/HIServices.framework/Versions/A/HIServices
0x00000001a0bb8000 	/System/Library/Frameworks/ApplicationServices.framework/Versions/A/Frameworks/PrintCore.framework/Versions/A/PrintCore
0x00000001a20e8000 	/System/Library/Frameworks/ApplicationServices.framework/Versions/A/Frameworks/QD.framework/Versions/A/QD
0x00000001a20e0000 	/System/Library/Frameworks/ApplicationServices.framework/Versions/A/Frameworks/ColorSyncLegacy.framework/Versions/A/ColorSyncLegacy
0x00000001a1d3d000 	/System/Library/Frameworks/ApplicationServices.framework/Versions/A/Frameworks/SpeechSynthesis.framework/Versions/A/SpeechSynthesis
0x00000001a0b79000 	/System/Library/Frameworks/ApplicationServices.framework/Versions/A/Frameworks/ATSUI.framework/Versions/A/ATSUI
0x00000001a2075000 	/usr/lib/libcups.2.dylib
0x00000001a244f000 	/System/Library/Frameworks/Kerberos.framework/Versions/A/Kerberos
0x00000001a2460000 	/System/Library/Frameworks/GSS.framework/Versions/A/GSS
0x00000001a1dc1000 	/usr/lib/libresolv.9.dylib
0x00000001a01c4000 	/System/Library/PrivateFrameworks/Heimdal.framework/Versions/A/Heimdal
0x00000001a8f38000 	/System/Library/Frameworks/Kerberos.framework/Versions/A/Libraries/libHeimdalProxy.dylib
0x000000019ad0f000 	/System/Library/Frameworks/Network.framework/Versions/A/Network
0x000000019fc16000 	/usr/lib/libheimdal-asn1.dylib
0x00000001a24b0000 	/System/Library/PrivateFrameworks/CommonAuth.framework/Versions/A/CommonAuth
0x00000001a1cb7000 	/System/Library/PrivateFrameworks/AudioSession.framework/Versions/A/AudioSession
0x000000019fca8000 	/System/Library/PrivateFrameworks/MediaExperience.framework/Versions/A/MediaExperience
0x00000001a1b3c000 	/System/Library/PrivateFrameworks/AudioSession.framework/libSessionUtility.dylib
0x00000001a20f4000 	/System/Library/PrivateFrameworks/AudioResourceArbitration.framework/Versions/A/AudioResourceArbitration
0x00000001a62ba000 	/System/Library/PrivateFrameworks/PowerLog.framework/Versions/A/PowerLog
0x000000019fc20000 	/System/Library/PrivateFrameworks/IconFoundation.framework/Versions/A/IconFoundation
0x00000001a5003000 	/System/Library/PrivateFrameworks/SpeechRecognitionCore.framework/Versions/A/SpeechRecognitionCore
0x0000000105b04000 	/Users/system/.sdkman/candidates/java/17.0.1-tem/lib/server/libjvm.dylib
0x0000000104b10000 	/Users/system/.sdkman/candidates/java/17.0.1-tem/lib/libjimage.dylib
0x0000000104b98000 	/Users/system/.sdkman/candidates/java/17.0.1-tem/lib/libjava.dylib
0x0000000105a0c000 	/Users/system/.sdkman/candidates/java/17.0.1-tem/lib/libnio.dylib
0x0000000105a2c000 	/Users/system/.sdkman/candidates/java/17.0.1-tem/lib/libnet.dylib
0x0000000105a50000 	/Users/system/.sdkman/candidates/java/17.0.1-tem/lib/libzip.dylib
0x0000000105a68000 	/Users/system/.openjfx/cache/17/libprism_es2.dylib
0x0000000196e62000 	/System/Library/PrivateFrameworks/CoreServicesInternal.framework/Versions/A/CoreServicesInternal
0x00000001f5daa000 	/System/Library/Frameworks/OpenGL.framework/Versions/A/Resources/GLEngine.bundle/GLEngine
0x00000001f5c32000 	/System/Library/Frameworks/OpenGL.framework/Versions/A/Libraries/libGLProgrammability.dylib
0x0000000123714000 	/System/Library/Extensions/AppleMetalOpenGLRenderer.bundle/Contents/MacOS/AppleMetalOpenGLRenderer
0x00000001f5f19000 	/System/Library/Frameworks/OpenGL.framework/Versions/A/Resources/GLRendererFloat.bundle/GLRendererFloat
0x00000001f6019000 	/System/Library/Extensions/AGXMetal13_3.bundle/Contents/MacOS/AGXMetal13_3
0x00000001b4882000 	/System/Library/PrivateFrameworks/GPURawCounter.framework/Versions/A/GPURawCounter
0x00000001af013000 	/System/Library/PrivateFrameworks/IOGPU.framework/Versions/A/IOGPU
0x000000012369c000 	/Users/system/.openjfx/cache/17/libglass.dylib
0x00000001a6512000 	/System/Library/Frameworks/FileProvider.framework/Versions/A/FileProvider
0x000000019aadc000 	/System/Library/Frameworks/Accounts.framework/Versions/A/Accounts
0x00000001a6696000 	/System/Library/PrivateFrameworks/GenerationalStorage.framework/Versions/A/GenerationalStorage
0x00000001a7259000 	/System/Library/PrivateFrameworks/CoreSymbolication.framework/Versions/A/CoreSymbolication
0x00000001a62ae000 	/System/Library/PrivateFrameworks/SymptomDiagnosticReporter.framework/Versions/A/SymptomDiagnosticReporter
0x0000000198153000 	/System/Library/PrivateFrameworks/DesktopServicesPriv.framework/Versions/A/DesktopServicesPriv
0x0000000196fc4000 	/usr/lib/libsandbox.1.dylib
0x000000019bb5a000 	/System/Library/PrivateFrameworks/UserManagement.framework/Versions/A/UserManagement
0x00000001a7216000 	/System/Library/PrivateFrameworks/DebugSymbols.framework/Versions/A/DebugSymbols
0x00000001a20d3000 	/System/Library/PrivateFrameworks/NetAuth.framework/Versions/A/NetAuth
0x00000001a2ff4000 	/System/Library/PrivateFrameworks/Sharing.framework/Versions/A/Sharing
0x000000019bb2a000 	/System/Library/PrivateFrameworks/login.framework/Versions/A/Frameworks/loginsupport.framework/Versions/A/loginsupport
0x00000001a844d000 	/System/Library/PrivateFrameworks/Apple80211.framework/Versions/A/Apple80211
0x000000019ecb1000 	/System/Library/PrivateFrameworks/AuthKit.framework/Versions/A/AuthKit
0x000000019e339000 	/System/Library/PrivateFrameworks/CoreUtils.framework/Versions/A/CoreUtils
0x000000019e25c000 	/System/Library/Frameworks/CoreWLAN.framework/Versions/A/CoreWLAN
0x00000001a3164000 	/System/Library/Frameworks/IOBluetooth.framework/Versions/A/IOBluetooth
0x00000001a84ad000 	/System/Library/PrivateFrameworks/CoreWiFi.framework/Versions/A/CoreWiFi
0x00000001a6df6000 	/System/Library/PrivateFrameworks/FrontBoardServices.framework/Versions/A/FrontBoardServices
0x00000001a6e8e000 	/System/Library/PrivateFrameworks/BoardServices.framework/Versions/A/BoardServices
0x000000019e54c000 	/System/Library/PrivateFrameworks/AssertionServices.framework/Versions/A/AssertionServices
0x00000001a862a000 	/System/Library/PrivateFrameworks/BackBoardServices.framework/Versions/A/BackBoardServices
0x00000001a2547000 	/System/Library/PrivateFrameworks/CorePhoneNumbers.framework/Versions/A/CorePhoneNumbers
0x00000001a1dee000 	/System/Library/PrivateFrameworks/MultiverseSupport.framework/Versions/A/MultiverseSupport
0x00000001a88ab000 	/System/Library/PrivateFrameworks/RemoteServiceDiscovery.framework/Versions/A/RemoteServiceDiscovery
0x00000001a63de000 	/System/Library/PrivateFrameworks/DiskManagement.framework/Versions/A/DiskManagement
0x00000001a62e1000 	/System/Library/PrivateFrameworks/AppleIDAuthSupport.framework/Versions/A/AppleIDAuthSupport
0x00000001faed8000 	/System/Library/PrivateFrameworks/AAAFoundation.framework/Versions/A/AAAFoundation
0x00000001a2526000 	/System/Library/PrivateFrameworks/KeychainCircle.framework/Versions/A/KeychainCircle
0x00000001a88bb000 	/System/Library/PrivateFrameworks/RemoteXPC.framework/Versions/A/RemoteXPC
0x00000001a63aa000 	/System/Library/PrivateFrameworks/MediaKit.framework/Versions/A/MediaKit
0x00000001a62ee000 	/System/Library/Frameworks/DiscRecording.framework/Versions/A/DiscRecording
0x000000019fb2b000 	/usr/lib/libCoreStorage.dylib
0x00000001a8927000 	/usr/lib/libcsfde.dylib
0x00000001a3239000 	/System/Library/PrivateFrameworks/ProtectedCloudStorage.framework/Versions/A/ProtectedCloudStorage
0x00000001a891f000 	/System/Library/PrivateFrameworks/EFILogin.framework/Versions/A/EFILogin
0x00000001a66bd000 	/System/Library/PrivateFrameworks/OctagonTrust.framework/Versions/A/OctagonTrust
0x00000001ffafa000 	/System/Library/PrivateFrameworks/CoreUtilsExtras.framework/Versions/A/CoreUtilsExtras
0x00000001a6213000 	/System/Library/Frameworks/CoreBluetooth.framework/Versions/A/CoreBluetooth
0x00000001a8fbd000 	/System/Library/Frameworks/AudioUnit.framework/Versions/A/AudioUnit
0x000000019fb23000 	/usr/lib/libMatch.1.dylib
0x00000001b8d6a000 	/System/Library/Frameworks/Accelerate.framework/Versions/A/Frameworks/vImage.framework/Versions/A/Libraries/libCGInterfaces.dylib
0x00000001267ec000 	/usr/lib/libobjc-trampolines.dylib
0x000000019b824000 	/System/Library/PrivateFrameworks/ViewBridge.framework/Versions/A/ViewBridge
0x00000001296c4000 	/Users/system/.openjfx/cache/17/libjavafx_font.dylib
0x00000001a0287000 	/System/Library/PrivateFrameworks/login.framework/Versions/A/login


VM Arguments:
jvm_args: --module-path=/Users/system/.m2/repository/org/openjfx/javafx-base/17/javafx-base-17-mac-aarch64.jar:/Users/system/.m2/repository/org/openjfx/javafx-base/17/javafx-base-17.jar:/Users/system/.m2/repository/org/openjfx/javafx-controls/17/javafx-controls-17-mac-aarch64.jar:/Users/system/.m2/repository/org/openjfx/javafx-controls/17/javafx-controls-17.jar:/Users/system/.m2/repository/org/openjfx/javafx-fxml/17/javafx-fxml-17-mac-aarch64.jar:/Users/system/.m2/repository/org/openjfx/javafx-fxml/17/javafx-fxml-17.jar:/Users/system/.m2/repository/org/openjfx/javafx-graphics/17/javafx-graphics-17-mac-aarch64.jar:/Users/system/.m2/repository/org/openjfx/javafx-graphics/17/javafx-graphics-17.jar --add-modules=javafx.base,javafx.base,javafx.controls,javafx.controls,javafx.fxml,javafx.fxml,javafx.graphics,javafx.graphics 
java_command: timeMaster.App
java_class_path (initial): /Users/system/ITP_2022_gruppearbeid/gr2227/time-master/target/classes
Launcher Type: SUN_STANDARD

[Global flags]
     intx CICompilerCount                          = 4                                         {product} {ergonomic}
     uint ConcGCThreads                            = 2                                         {product} {ergonomic}
     uint G1ConcRefinementThreads                  = 8                                         {product} {ergonomic}
   size_t G1HeapRegionSize                         = 1048576                                   {product} {ergonomic}
    uintx GCDrainStackTargetSize                   = 64                                        {product} {ergonomic}
   size_t InitialHeapSize                          = 134217728                                 {product} {ergonomic}
   size_t MarkStackSize                            = 4194304                                   {product} {ergonomic}
   size_t MaxHeapSize                              = 2147483648                                {product} {ergonomic}
   size_t MaxNewSize                               = 1287651328                                {product} {ergonomic}
   size_t MinHeapDeltaBytes                        = 1048576                                   {product} {ergonomic}
   size_t MinHeapSize                              = 8388608                                   {product} {ergonomic}
    uintx NonNMethodCodeHeapSize                   = 5839564                                {pd product} {ergonomic}
    uintx NonProfiledCodeHeapSize                  = 122909338                              {pd product} {ergonomic}
    uintx ProfiledCodeHeapSize                     = 122909338                              {pd product} {ergonomic}
    uintx ReservedCodeCacheSize                    = 251658240                              {pd product} {ergonomic}
     bool SegmentedCodeCache                       = true                                      {product} {ergonomic}
   size_t SoftMaxHeapSize                          = 2147483648                             {manageable} {ergonomic}
     bool UseCompressedClassPointers               = true                           {product lp64_product} {ergonomic}
     bool UseCompressedOops                        = true                           {product lp64_product} {ergonomic}
     bool UseG1GC                                  = true                                      {product} {ergonomic}
     bool UseNUMA                                  = false                                     {product} {ergonomic}
     bool UseNUMAInterleaving                      = false                                     {product} {ergonomic}

Logging:
Log output configuration:
 #0: stdout all=warning uptime,level,tags
 #1: stderr all=off uptime,level,tags

Environment Variables:
JAVA_HOME=/Users/system/.sdkman/candidates/java/current
PATH=/usr/local/bin:/usr/bin:/bin:/usr/sbin:/sbin:/Users/system/.sdkman/candidates/maven/current/bin:/Users/system/.sdkman/candidates/java/current/bin
SHELL=/bin/zsh
LANG=en_GB.UTF-8

Signal Handlers:
   SIGSEGV: _ZL13crash_handleriP9__siginfoPv in libjvm.dylib, mask=11100110000111110111111111111111, flags=SA_RESTART|SA_SIGINFO
    SIGBUS: _ZL13crash_handleriP9__siginfoPv in libjvm.dylib, mask=11100110000111110111111111111111, flags=SA_RESTART|SA_SIGINFO
    SIGFPE: _ZL13crash_handleriP9__siginfoPv in libjvm.dylib, mask=11100110000111110111111111111111, flags=SA_RESTART|SA_SIGINFO
   SIGPIPE: _ZL17javaSignalHandleriP9__siginfoPv in libjvm.dylib, mask=11100110000111110111111111111111, flags=SA_RESTART|SA_SIGINFO
   SIGXFSZ: _ZL17javaSignalHandleriP9__siginfoPv in libjvm.dylib, mask=11100110000111110111111111111111, flags=SA_RESTART|SA_SIGINFO
    SIGILL: _ZL13crash_handleriP9__siginfoPv in libjvm.dylib, mask=11100110000111110111111111111111, flags=SA_RESTART|SA_SIGINFO
   SIGUSR2: _ZL10SR_handleriP9__siginfoP17__darwin_ucontext in libjvm.dylib, mask=00100000000000000000000000000000, flags=SA_RESTART|SA_SIGINFO
    SIGHUP: _ZL11UserHandleriPvS_ in libjvm.dylib, mask=11100110000111110111111111111111, flags=SA_RESTART|SA_SIGINFO
    SIGINT: _ZL11UserHandleriPvS_ in libjvm.dylib, mask=11100110000111110111111111111111, flags=SA_RESTART|SA_SIGINFO
   SIGTERM: _ZL11UserHandleriPvS_ in libjvm.dylib, mask=11100110000111110111111111111111, flags=SA_RESTART|SA_SIGINFO
   SIGQUIT: _ZL11UserHandleriPvS_ in libjvm.dylib, mask=11100110000111110111111111111111, flags=SA_RESTART|SA_SIGINFO
   SIGTRAP: _ZL13crash_handleriP9__siginfoPv in libjvm.dylib, mask=11100110000111110111111111111111, flags=SA_RESTART|SA_SIGINFO


---------------  S Y S T E M  ---------------

OS:
uname: Darwin 21.6.0 Darwin Kernel Version 21.6.0: Wed Aug 10 14:28:35 PDT 2022; root:xnu-8020.141.5~2/RELEASE_ARM64_T8101 arm64
OS uptime: 10 days 14:45 hours
rlimit (soft/hard): STACK 8176k/65520k , CORE 0k/infinity , NPROC 1333/2000 , NOFILE 10240/infinity , AS infinity/infinity , CPU infinity/infinity , DATA infinity/infinity , FSIZE infinity/infinity , MEMLOCK infinity/infinity , RSS infinity/infinity
load average: 1.59 1.62 1.63

CPU: total 8 (initial active 8) 0x61:0x0:0x1b588bb3:0, fp, simd, crc, lse

Memory: 16k page, physical 8388608k(94352k free), swap 1048576k(474816k free)

vm_info: OpenJDK 64-Bit Server VM (17.0.1+12) for bsd-aarch64 JRE (17.0.1+12), built on Oct 20 2021 13:53:09 by "jenkins" with clang Apple LLVM 12.0.0 (clang-1200.0.32.29)

END.
