#
# A fatal error has been detected by the Java Runtime Environment:
#
#  SIGBUS (0xa) at pc=0x000000010e8d54f0, pid=29523, tid=34827
#
# JRE version: OpenJDK Runtime Environment Temurin-17.0.1+12 (17.0.1+12) (build 17.0.1+12)
# Java VM: OpenJDK 64-Bit Server VM Temurin-17.0.1+12 (17.0.1+12, mixed mode, tiered, compressed oops, compressed class ptrs, g1 gc, bsd-aarch64)
# Problematic frame:
# v  ~StubRoutines::SafeFetchN
#
# No core dump will be written. Core dumps have been disabled. To enable core dumping, try "ulimit -c unlimited" before starting Java again
#
# If you would like to submit a bug report, please visit:
#   https://github.com/adoptium/adoptium-support/issues
# The crash happened outside the Java Virtual Machine in native code.
# See problematic frame for where to report the bug.
#

---------------  S U M M A R Y ------------

Command Line: --module-path=/Users/system/.m2/repository/org/openjfx/javafx-base/17/javafx-base-17-mac-aarch64.jar:/Users/system/.m2/repository/org/openjfx/javafx-base/17/javafx-base-17.jar:/Users/system/.m2/repository/org/openjfx/javafx-controls/17/javafx-controls-17-mac-aarch64.jar:/Users/system/.m2/repository/org/openjfx/javafx-controls/17/javafx-controls-17.jar:/Users/system/.m2/repository/org/openjfx/javafx-fxml/17/javafx-fxml-17-mac-aarch64.jar:/Users/system/.m2/repository/org/openjfx/javafx-fxml/17/javafx-fxml-17.jar:/Users/system/.m2/repository/org/openjfx/javafx-graphics/17/javafx-graphics-17-mac-aarch64.jar:/Users/system/.m2/repository/org/openjfx/javafx-graphics/17/javafx-graphics-17.jar --add-modules=javafx.base,javafx.base,javafx.controls,javafx.controls,javafx.fxml,javafx.fxml,javafx.graphics,javafx.graphics timeMaster.App

Host: "MacBookAir10,1" arm64 1 MHz, 8 cores, 8G, Darwin 21.6.0, macOS 12.5.1 (21G83)
Time: Thu Sep 15 13:15:01 2022 CEST elapsed time: 129.493818 seconds (0d 0h 2m 9s)

---------------  T H R E A D  ---------------

Current thread (0x0000000132217c00):  JavaThread "InvokeLaterDispatcher" daemon [_thread_in_native, id=34827, stack(0x000000016dc80000,0x000000016de83000)]

Stack: [0x000000016dc80000,0x000000016de83000],  sp=0x000000016de827c0,  free space=2057k
Native frames: (J=compiled Java code, j=interpreted, Vv=VM code, C=native code)
v  ~StubRoutines::SafeFetchN
V  [libjvm.dylib+0x7b4bdc]  OopStorage::release(oopDesc* const*)+0x20
V  [libjvm.dylib+0x4c5810]  jni_DeleteGlobalRef+0xd8
C  [libglass.dylib+0xab08]  -[GlassRunnable dealloc]+0x34
C  [Foundation+0x852e8]  -[_NSThreadPerformInfo dealloc]+0x30
C  [Foundation+0x5187c]  -[NSObject(NSThreadPerformAdditions) performSelectorOnMainThread:withObject:waitUntilDone:]+0x88
C  0x735180011642f34c
J 2513 c2 com.sun.glass.ui.mac.MacApplication.submitForLaterInvocation(Ljava/lang/Runnable;)V javafx.graphics (6 bytes) @ 0x00000001164868f8 [0x00000001164868c0+0x0000000000000038]
C  0x0000000000000000

Java frames: (J=compiled Java code, j=interpreted, Vv=VM code)
J 1967  com.sun.glass.ui.mac.MacApplication._submitForLaterInvocation(Ljava/lang/Runnable;)V javafx.graphics (0 bytes) @ 0x000000011642f34c [0x000000011642f2c0+0x000000000000008c]
J 2513 c2 com.sun.glass.ui.mac.MacApplication.submitForLaterInvocation(Ljava/lang/Runnable;)V javafx.graphics (6 bytes) @ 0x00000001164868f8 [0x00000001164868c0+0x0000000000000038]
j  com.sun.glass.ui.InvokeLaterDispatcher.run()V+82 javafx.graphics
v  ~StubRoutines::call_stub

siginfo: si_signo: 10 (SIGBUS), si_code: 1 (BUS_ADRALN), si_addr: 0x000000010e8d54f0

Register to memory mapping:

 x0=0x0000000131e0b4c8 is a global jni handle
 x1=0x0 is NULL
 x2=0x00000007814d74b0 is an oop: com.sun.glass.ui.InvokeLaterDispatcher$Future 
{0x00000007814d74b0} - klass: 'com/sun/glass/ui/InvokeLaterDispatcher$Future'
 - ---- fields (total size 3 words):
 - private 'done' 'Z' @12  true
 - private final 'runnable' 'Ljava/lang/Runnable;' @16  a 'com/sun/javafx/tk/quantum/QuantumToolkit$$Lambda$94+0x00000008000f7db8'{0x0000000780038cd0} (f000719a)
 - final synthetic 'this$0' 'Lcom/sun/glass/ui/InvokeLaterDispatcher;' @20  a 'com/sun/glass/ui/InvokeLaterDispatcher'{0x0000000780038ac8} (f0007159)
 x3=0x0 is NULL
 x4=0x00000000000130a8 is an unknown value
 x5=0x0 is NULL
 x6=0x0 is NULL
 x7=0x0 is NULL
 x8=0x000000010e8d54ec is at begin+0 in a stub
StubRoutines::SafeFetchN [0x000000010e8d54ec, 0x000000010e8d54f8] (12 bytes)
 x9=0x0 is NULL
x10=0x2010000030300000 is an unknown value
x11=0x0000000000000007 is an unknown value
x12=0x0000000000000003 is an unknown value
x13=0x0000600001a40120 points into unknown readable memory: 0xcb640001953c17f4 | f4 17 3c 95 01 00 64 cb
x14=0x0000420000000000 is an unknown value
x15=0x0000000121ca9f98: OBJC_CLASS_$_GlassRunnable+0 in /Users/system/.openjfx/cache/17/libglass.dylib at 0x0000000121c64000
x16=0x000000019441f0fc: pthread_getspecific+0 in /usr/lib/system/libsystem_pthread.dylib at 0x000000019441d000
x17=0x00006000010504e0 points into unknown readable memory: 0xfffffffffffffffe | fe ff ff ff ff ff ff ff
x18=0x0 is NULL
x19=0x0000600001f48310 points into unknown readable memory: 0x000060000366f050 | 50 f0 66 03 00 60 00 00
x20=0x0000000131e0b2c0 points into unknown readable memory: 0x82fbf7c54108a300 | 00 a3 08 41 c5 f7 fb 82
x21=0x0000000131e0b4c8 is a global jni handle
x22=0x0000000132217c00 is a thread
x23=0x0000000000000001 is an unknown value
x24=0x0000000131e0b480 is a global jni handle
x25=0x0000000106ad7a08: _ZN12StubRoutines17_safefetchN_entryE+0 in /Users/system/.sdkman/candidates/java/17.0.1-tem/lib/server/libjvm.dylib at 0x0000000105e84000
x26=0x000000013082a840 is pointing into metadata
x27=0x0 is NULL
x28=0x0000000132217c00 is a thread


Registers:
 x0=0x0000000131e0b4c8  x1=0x0000000000000000  x2=0x00000007814d74b0  x3=0x0000000000000000
 x4=0x00000000000130a8  x5=0x0000000000000000  x6=0x0000000000000000  x7=0x0000000000000000
 x8=0x000000010e8d54ec  x9=0x0000000000000000 x10=0x2010000030300000 x11=0x0000000000000007
x12=0x0000000000000003 x13=0x0000600001a40120 x14=0x0000420000000000 x15=0x0000000121ca9f98
x16=0x000000019441f0fc x17=0x00006000010504e0 x18=0x0000000000000000 x19=0x0000600001f48310
x20=0x0000000131e0b2c0 x21=0x0000000131e0b4c8 x22=0x0000000132217c00 x23=0x0000000000000001
x24=0x0000000131e0b480 x25=0x0000000106ad7a08 x26=0x000000013082a840 x27=0x0000000000000000
x28=0x0000000132217c00  fp=0x000000016de82800  lr=0x00000001066379ac  sp=0x000000016de827c0
pc=0x000000010e8d54f0 cpsr=0x0000000060001000
Top of Stack: (sp=0x000000016de827c0)
0x000000016de827c0:   000000013082a840 00000007802c1328
0x000000016de827d0:   00000008000e9b78 0000000000000000
0x000000016de827e0:   0000000132214aa8 0000000131e0b488
0x000000016de827f0:   0000000131e0b488 0000600001f48310
0x000000016de82800:   000000016de82840 0000000106638bdc
0x000000016de82810:   0000000000000001 0000000131e0b488
0x000000016de82820:   0000000132214aa8 0000000131e0b488
0x000000016de82830:   0000000000000001 0000000132214800
0x000000016de82840:   000000016de82880 0000000106349810
0x000000016de82850:   00000008000e9b78 00006000036847c0
0x000000016de82860:   00006000036847b0 00000001de7608f7
0x000000016de82870:   0000000000000000 00006000036847b0
0x000000016de82880:   000000016de828b0 0000000121c6eb08
0x000000016de82890:   4f7eaa9c70500084 0000000000000000
0x000000016de828a0:   0000000000000000 0000600002191200
0x000000016de828b0:   000000016de828f0 00000001953f52e8
0x000000016de828c0:   00000008000e9b78 00006000036847c0
0x000000016de828d0:   00006000036847b0 4f7eaa9c70500084
0x000000016de828e0:   0000000000000000 0000000000000000
0x000000016de828f0:   000000016de82930 333d8001953c187c
0x000000016de82900:   00000008000e9b78 00000007802c1370
0x000000016de82910:   0000000130827f32 0000000106adf3c0
0x000000016de82920:   000000016de829f0 00000000000000b9
0x000000016de82930:   000000016de82990 735180011642f34c
0x000000016de82940:   0000000780095bc0 00000007814d74b0
0x000000016de82950:   00000007802c1300 0000000116487afc
0x000000016de82960:   00000007802c1328 00000001062e6ae4
0x000000016de82970:   000000016de82a98 0000000780038ac8
0x000000016de82980:   0000000130827f69 0000000106adf3c0
0x000000016de82990:   000000016de82a60 00000001164868f8
0x000000016de829a0:   000000016de82a60 231f00010e8eb2a0
0x000000016de829b0:   000000016de82a60 000000010e8da508 

Instructions: (pc=0x000000010e8d54f0)
0x000000010e8d53f0:   f2a0d549 f2c00029 6d425935 1e640886
0x000000010e8d5400:   0c402d31 1e6408c7 1f5654d0 1e6c1017
0x000000010e8d5410:   1f5050d0 1f504cd0 1f5048d0 1e650af6
0x000000010e8d5420:   1f50d8f6 1f5694d6 1f5158f6 1e762880
0x000000010e8d5430:   36000501 1e614000 14000026 2e251ca5
0x000000010e8d5440:   d2883009 f2a0d549 f2c00029 6d425d36
0x000000010e8d5450:   1e600806 0c402d32 1f5758c7 1e6c101a
0x000000010e8d5460:   1f4754c7 1e650805 1f4750c7 d2866668
0x000000010e8d5470:   f2a7fa68 1f474cc7 1e6608c0 1f4748c7
0x000000010e8d5480:   1e6e1019 eb08007f 540000ac 1f479400
0x000000010e8d5490:   1f460340 1e603b20 1400000e d2a7fd29
0x000000010e8d54a0:   eb09007f 540000ac 51480069 d3607d29
0x000000010e8d54b0:   9e670121 14000002 1e6a5001 1f679417
0x000000010e8d54c0:   1f668742 1e613b23 1e773857 1e773860
0x000000010e8d54d0:   a8c17ff3 910003bf a8c17bfd d65f03c0
0x000000010e8d54e0:   b9400001 aa0103e0 d65f03c0 f9400001
0x000000010e8d54f0:   aa0103e0 d65f03c0 00000000 00000000
0x000000010e8d5500:   00000000 00000000 00000000 00000000
0x000000010e8d5510:   00000000 00000000 00000000 00000000
0x000000010e8d5520:   00000000 00000000 00000000 00000000
0x000000010e8d5530:   00000000 00000000 00000000 00000000
0x000000010e8d5540:   00000000 00000000 00000000 00000000
0x000000010e8d5550:   00000000 00000000 00000000 00000000
0x000000010e8d5560:   00000000 00000000 00000000 00000000
0x000000010e8d5570:   00000000 00000000 00000000 00000000
0x000000010e8d5580:   00000000 00000000 00000000 00000000
0x000000010e8d5590:   00000000 00000000 00000000 00000000
0x000000010e8d55a0:   00000000 00000000 00000000 00000000
0x000000010e8d55b0:   00000000 00000000 00000000 00000000
0x000000010e8d55c0:   00000000 00000000 00000000 00000000
0x000000010e8d55d0:   00000000 00000000 00000000 00000000
0x000000010e8d55e0:   00000000 00000000 00000000 00000000 


Stack slot to memory mapping:
stack at sp + 0 slots: 0x000000013082a840 is pointing into metadata
stack at sp + 1 slots: 0x00000007802c1328 is an oop: java.util.concurrent.locks.ReentrantLock 
{0x00000007802c1328} - klass: 'java/util/concurrent/locks/ReentrantLock'
 - ---- fields (total size 2 words):
 - private final 'sync' 'Ljava/util/concurrent/locks/ReentrantLock$Sync;' @12  a 'java/util/concurrent/locks/ReentrantLock$NonfairSync'{0x00000007802c1338} (f0058267)
stack at sp + 2 slots: 0x00000008000e9b78 is a pointer to class: 
com.sun.glass.ui.mac.MacApplication {0x00000008000e9b78}
 - instance size:     5
 - klass size:        136
 - access:            final synchronized 
 - state:             fully_initialized
 - name:              'com/sun/glass/ui/mac/MacApplication'
 - super:             'com/sun/glass/ui/Application'
 - sub:               
 - arrays:            NULL
 - methods:           Array<T>(0x0000000124fdf470)
 - method ordering:   Array<T>(0x0000000124800018)
 - default_methods:   Array<T>(0x0000000000000000)
 - local interfaces:  Array<T>(0x0000000130805168)
 - trans. interfaces: Array<T>(0x0000000130805168)
 - constants:         constant pool [548]/operands[69] {0x0000000130804000} for 'com/sun/glass/ui/mac/MacApplication' cache=0x0000000130828318
 - class loader data:  loader data: 0x0000600000548140 for instance a 'jdk/internal/loader/ClassLoaders$AppClassLoader'{0x0000000780037718}
 - source file:       'MacApplication.java'
 - class annotations:       Array<T>(0x0000000000000000)
 - class type annotations:  Array<T>(0x0000000000000000)
 - field annotations:       Array<T>(0x0000000000000000)
 - field type annotations:  Array<T>(0x0000000000000000)
 - inner classes:     Array<T>(0x0000000130807fa0)
 - nest members:     Array<T>(0x0000000130802090)
 - permitted subclasses:     Array<T>(0x0000000124800028)
 - java mirror:       a 'java/lang/Class'{0x0000000780095b48} = 'com/sun/glass/ui/mac/MacApplication'
 - vtable length      72  (start addr: 0x00000008000e9d48)
 - itable length      5 (start addr: 0x00000008000e9f88)
 - ---- static fields (1 words):
 - static final 'BROWSER_PARENT_ID' 'J' @112 
 - ---- non-static fields (7 words):
 - private 'initialActiveEventReceived' 'Z' @12 
 - private 'terminateWhenLastWindowClosed' 'Z' @13 
 - protected 'name' 'Ljava/lang/String;' @16 
 - private 'eventHandler' 'Lcom/sun/glass/ui/Application$EventHandler;' @20 
 - private 'initialOpenedFiles' '[Ljava/lang/String;' @24 
 - private 'isTaskbarApplication' 'Z' @14 
 - private 'firstDidResignActive' 'Z' @15 
 - private final 'invokeLaterDispatcher' 'Lcom/sun/glass/ui/InvokeLaterDispatcher;' @28 
 - private 'appleMenu' 'Lcom/sun/glass/ui/Menu;' @32 
 - private final 'reactivationLatch' 'Ljava/util/concurrent/CountDownLatch;' @36 
 - non-static oop maps: 16-36 
stack at sp + 3 slots: 0x0 is NULL
stack at sp + 4 slots: 0x0000000132214aa8 points into unknown readable memory: 0x0000000106a92878 | 78 28 a9 06 01 00 00 00
stack at sp + 5 slots: 0x0000000131e0b488 is a global jni handle
stack at sp + 6 slots: 0x0000000131e0b488 is a global jni handle
stack at sp + 7 slots: 0x0000600001f48310 points into unknown readable memory: 0x000060000366f050 | 50 f0 66 03 00 60 00 00

StubRoutines::SafeFetchN [0x000000010e8d54ec, 0x000000010e8d54f8] (12 bytes)
[MachCode]
  0x000000010e8d54ec: 0100 40f9 | e003 01aa | c003 5fd6 
[/MachCode]

---------------  P R O C E S S  ---------------

Threads class SMR info:
_java_thread_list=0x0000600003496f80, length=18, elements={
0x000000013200d600, 0x0000000132043a00, 0x0000000132046200, 0x0000000132045600,
0x000000013204a200, 0x0000000124095200, 0x0000000124095800, 0x0000000132827600,
0x0000000127808200, 0x0000000132825c00, 0x0000000124094c00, 0x000000013280ea00,
0x0000000132217c00, 0x0000000132214800, 0x000000013229a400, 0x000000013229fc00,
0x0000000124190200, 0x000000013223ea00
}

Java Threads: ( => current thread )
  0x000000013200d600 JavaThread "main" [_thread_blocked, id=6403, stack(0x000000016b484000,0x000000016b687000)]
  0x0000000132043a00 JavaThread "Reference Handler" daemon [_thread_blocked, id=15875, stack(0x000000016c2d8000,0x000000016c4db000)]
  0x0000000132046200 JavaThread "Finalizer" daemon [_thread_blocked, id=15619, stack(0x000000016c4e4000,0x000000016c6e7000)]
  0x0000000132045600 JavaThread "Signal Dispatcher" daemon [_thread_blocked, id=22531, stack(0x000000016c808000,0x000000016ca0b000)]
  0x000000013204a200 JavaThread "Service Thread" daemon [_thread_blocked, id=41987, stack(0x000000016ca14000,0x000000016cc17000)]
  0x0000000124095200 JavaThread "Monitor Deflation Thread" daemon [_thread_blocked, id=23299, stack(0x000000016cc20000,0x000000016ce23000)]
  0x0000000124095800 JavaThread "C2 CompilerThread0" daemon [_thread_blocked, id=23555, stack(0x000000016ce2c000,0x000000016d02f000)]
  0x0000000132827600 JavaThread "C1 CompilerThread0" daemon [_thread_blocked, id=41219, stack(0x000000016d038000,0x000000016d23b000)]
  0x0000000127808200 JavaThread "Sweeper thread" daemon [_thread_blocked, id=40963, stack(0x000000016d244000,0x000000016d447000)]
  0x0000000132825c00 JavaThread "Common-Cleaner" daemon [_thread_blocked, id=40707, stack(0x000000016d450000,0x000000016d653000)]
  0x0000000124094c00 JavaThread "Notification Thread" daemon [_thread_blocked, id=24323, stack(0x000000016d65c000,0x000000016d85f000)]
  0x000000013280ea00 JavaThread "QuantumRenderer-0" daemon [_thread_blocked, id=39683, stack(0x000000016da74000,0x000000016dc77000)]
=>0x0000000132217c00 JavaThread "InvokeLaterDispatcher" daemon [_thread_in_native, id=34827, stack(0x000000016dc80000,0x000000016de83000)]
  0x0000000132214800 JavaThread "JavaFX Application Thread" [_thread_in_vm, id=259, stack(0x000000016abfc000,0x000000016b3f8000)]
  0x000000013229a400 JavaThread "JavaFX-Launcher" [_thread_blocked, id=76035, stack(0x000000016e124000,0x000000016e327000)]
  0x000000013229fc00 JavaThread "PulseTimer-CVDisplayLink thread" daemon [_thread_in_native, id=79619, stack(0x000000016de8c000,0x000000016df0f000)]
  0x0000000124190200 JavaThread "Prism Font Disposer" daemon [_thread_blocked, id=58379, stack(0x000000016ef78000,0x000000016f17b000)]
  0x000000013223ea00 JavaThread "Cleaner-0" daemon [_thread_blocked, id=56327, stack(0x000000016f210000,0x000000016f413000)]

Other Threads:
  0x0000000121e09be0 VMThread "VM Thread" [stack: 0x000000016c0cc000,0x000000016c2cf000] [id=16387]
  0x0000000121e29db0 WatcherThread [stack: 0x000000016d868000,0x000000016da6b000] [id=40195]
  0x0000000131e07830 GCTaskThread "GC Thread#0" [stack: 0x000000016b690000,0x000000016b893000] [id=12547]
  0x0000000105c0e700 GCTaskThread "GC Thread#1" [stack: 0x000000016e330000,0x000000016e533000] [id=75779]
  0x0000000105c0f3e0 GCTaskThread "GC Thread#2" [stack: 0x000000016e53c000,0x000000016e73f000] [id=75267]
  0x0000000131e47d60 GCTaskThread "GC Thread#3" [stack: 0x000000016e748000,0x000000016e94b000] [id=55043]
  0x0000000131e485d0 GCTaskThread "GC Thread#4" [stack: 0x000000016e954000,0x000000016eb57000] [id=55555]
  0x0000000131e48e40 GCTaskThread "GC Thread#5" [stack: 0x000000016eb60000,0x000000016ed63000] [id=74755]
  0x0000000131f29e10 GCTaskThread "GC Thread#6" [stack: 0x000000016ed6c000,0x000000016ef6f000] [id=56067]
  0x0000000121e43c70 GCTaskThread "GC Thread#7" [stack: 0x000000016f41c000,0x000000016f61f000] [id=67595]
  0x0000000131e07ee0 ConcurrentGCThread "G1 Main Marker" [stack: 0x000000016b89c000,0x000000016ba9f000] [id=13059]
  0x0000000131e08760 ConcurrentGCThread "G1 Conc#0" [stack: 0x000000016baa8000,0x000000016bcab000] [id=13315]
  0x0000000131e7c5e0 ConcurrentGCThread "G1 Conc#1" [stack: 0x000000016f628000,0x000000016f82b000] [id=62475]
  0x0000000121e057c0 ConcurrentGCThread "G1 Refine#0" [stack: 0x000000016bcb4000,0x000000016beb7000] [id=18947]
  0x0000000121e06060 ConcurrentGCThread "G1 Service" [stack: 0x000000016bec0000,0x000000016c0c3000] [id=14083]

Threads with active compile tasks:

VM state: not at safepoint (normal execution)

VM Mutex/Monitor currently owned by a thread: None

Heap address: 0x0000000780000000, size: 2048 MB, Compressed Oops mode: Zero based, Oop shift amount: 3

CDS archive(s) not mapped
Compressed class space mapped at: 0x0000000800000000-0x0000000840000000, reserved size: 1073741824
Narrow klass base: 0x0000000800000000, Narrow klass shift: 0, Narrow klass range: 0x40000000

GC Precious Log:
 CPUs: 8 total, 8 available
 Memory: 8192M
 Large Page Support: Disabled
 NUMA Support: Disabled
 Compressed Oops: Enabled (Zero based)
 Heap Region Size: 1M
 Heap Min Capacity: 8M
 Heap Initial Capacity: 128M
 Heap Max Capacity: 2G
 Pre-touch: Disabled
 Parallel Workers: 8
 Concurrent Workers: 2
 Concurrent Refinement Workers: 8
 Periodic GC: Disabled

Heap:
 garbage-first heap   total 30720K, used 20603K [0x0000000780000000, 0x0000000800000000)
  region size 1024K, 16 young (16384K), 4 survivors (4096K)
 Metaspace       used 22683K, committed 22912K, reserved 1073152K
  class space    used 2938K, committed 3072K, reserved 1048576K

Heap Regions: E=young(eden), S=young(survivor), O=old, HS=humongous(starts), HC=humongous(continues), CS=collection set, F=free, OA=open archive, CA=closed archive, TAMS=top-at-mark-start (previous, next)
|   0|0x0000000780000000, 0x0000000780100000, 0x0000000780100000|100%| O|  |TAMS 0x0000000780035600, 0x0000000780000000| Untracked 
|   1|0x0000000780100000, 0x0000000780200000, 0x0000000780200000|100%| O|  |TAMS 0x0000000780100000, 0x0000000780100000| Untracked 
|   2|0x0000000780200000, 0x0000000780300000, 0x0000000780300000|100%| O|  |TAMS 0x0000000780200000, 0x0000000780200000| Untracked 
|   3|0x0000000780300000, 0x0000000780396a00, 0x0000000780400000| 58%| O|  |TAMS 0x0000000780300000, 0x0000000780300000| Complete 
|   4|0x0000000780400000, 0x0000000780500000, 0x0000000780500000|100%|HS|  |TAMS 0x0000000780400000, 0x0000000780400000| Complete 
|   5|0x0000000780500000, 0x0000000780600000, 0x0000000780600000|100%|HC|  |TAMS 0x0000000780500000, 0x0000000780500000| Complete 
|   6|0x0000000780600000, 0x0000000780600000, 0x0000000780700000|  0%| F|  |TAMS 0x0000000780600000, 0x0000000780600000| Untracked 
|   7|0x0000000780700000, 0x0000000780700000, 0x0000000780800000|  0%| F|  |TAMS 0x0000000780700000, 0x0000000780700000| Untracked 
|   8|0x0000000780800000, 0x0000000780800000, 0x0000000780900000|  0%| F|  |TAMS 0x0000000780800000, 0x0000000780800000| Untracked 
|   9|0x0000000780900000, 0x0000000780900000, 0x0000000780a00000|  0%| F|  |TAMS 0x0000000780900000, 0x0000000780900000| Untracked 
|  10|0x0000000780a00000, 0x0000000780a00000, 0x0000000780b00000|  0%| F|  |TAMS 0x0000000780a00000, 0x0000000780a00000| Untracked 
|  11|0x0000000780b00000, 0x0000000780b00000, 0x0000000780c00000|  0%| F|  |TAMS 0x0000000780b00000, 0x0000000780b00000| Untracked 
|  12|0x0000000780c00000, 0x0000000780c00000, 0x0000000780d00000|  0%| F|  |TAMS 0x0000000780c00000, 0x0000000780c00000| Untracked 
|  13|0x0000000780d00000, 0x0000000780d00000, 0x0000000780e00000|  0%| F|  |TAMS 0x0000000780d00000, 0x0000000780d00000| Untracked 
|  14|0x0000000780e00000, 0x0000000780f00000, 0x0000000780f00000|100%| E|  |TAMS 0x0000000780e00000, 0x0000000780e00000| Complete 
|  15|0x0000000780f00000, 0x0000000781000000, 0x0000000781000000|100%| E|CS|TAMS 0x0000000780f00000, 0x0000000780f00000| Complete 
|  16|0x0000000781000000, 0x0000000781100000, 0x0000000781100000|100%| E|CS|TAMS 0x0000000781000000, 0x0000000781000000| Complete 
|  17|0x0000000781100000, 0x0000000781200000, 0x0000000781200000|100%| E|CS|TAMS 0x0000000781100000, 0x0000000781100000| Complete 
|  18|0x0000000781200000, 0x0000000781300000, 0x0000000781300000|100%| E|CS|TAMS 0x0000000781200000, 0x0000000781200000| Complete 
|  19|0x0000000781300000, 0x0000000781400000, 0x0000000781400000|100%| E|CS|TAMS 0x0000000781300000, 0x0000000781300000| Complete 
|  20|0x0000000781400000, 0x0000000781500000, 0x0000000781500000|100%| E|CS|TAMS 0x0000000781400000, 0x0000000781400000| Complete 
|  21|0x0000000781500000, 0x0000000781600000, 0x0000000781600000|100%| E|CS|TAMS 0x0000000781500000, 0x0000000781500000| Complete 
|  22|0x0000000781600000, 0x0000000781700000, 0x0000000781700000|100%| E|CS|TAMS 0x0000000781600000, 0x0000000781600000| Complete 
|  23|0x0000000781700000, 0x0000000781800000, 0x0000000781800000|100%| E|CS|TAMS 0x0000000781700000, 0x0000000781700000| Complete 
|  24|0x0000000781800000, 0x0000000781900000, 0x0000000781900000|100%| E|CS|TAMS 0x0000000781800000, 0x0000000781800000| Complete 
|  92|0x0000000785c00000, 0x0000000785c88248, 0x0000000785d00000| 53%| S|CS|TAMS 0x0000000785c00000, 0x0000000785c00000| Complete 
|  93|0x0000000785d00000, 0x0000000785e00000, 0x0000000785e00000|100%| S|CS|TAMS 0x0000000785d00000, 0x0000000785d00000| Complete 
|  94|0x0000000785e00000, 0x0000000785f00000, 0x0000000785f00000|100%| S|CS|TAMS 0x0000000785e00000, 0x0000000785e00000| Complete 
|  95|0x0000000785f00000, 0x0000000786000000, 0x0000000786000000|100%| S|CS|TAMS 0x0000000785f00000, 0x0000000785f00000| Complete 
| 127|0x0000000787f00000, 0x0000000788000000, 0x0000000788000000|100%| E|CS|TAMS 0x0000000787f00000, 0x0000000787f00000| Complete 

Card table byte_map: [0x000000010537c000,0x000000010577c000] _byte_map_base: 0x000000010177c000

Marking Bits (Prev, Next): (CMBitMap*) 0x0000000132033450, (CMBitMap*) 0x0000000132033410
 Prev Bits: [0x000000011f8d4000, 0x00000001218d4000)
 Next Bits: [0x000000011d8d4000, 0x000000011f8d4000)

Polling page: 0x0000000104b8c000

Metaspace:

Usage:
  Non-class:     19.28 MB used.
      Class:      2.87 MB used.
       Both:     22.15 MB used.

Virtual space:
  Non-class space:       24.00 MB reserved,      19.38 MB ( 81%) committed,  3 nodes.
      Class space:        1.00 GB reserved,       3.00 MB ( <1%) committed,  1 nodes.
             Both:        1.02 GB reserved,      22.38 MB (  2%) committed. 

Chunk freelists:
   Non-Class:  400.00 KB
       Class:  976.00 KB
        Both:  1.34 MB

MaxMetaspaceSize: unlimited
CompressedClassSpaceSize: 1.00 GB
Initial GC threshold: 21.00 MB
Current GC threshold: 35.25 MB
CDS: off
MetaspaceReclaimPolicy: balanced
 - commit_granule_bytes: 65536.
 - commit_granule_words: 8192.
 - virtual_space_node_default_size: 1048576.
 - enlarge_chunks_in_place: 1.
 - new_chunks_are_fully_committed: 0.
 - uncommit_free_chunks: 1.
 - use_allocation_guard: 0.
 - handle_deallocations: 1.


Internal statistics:

num_allocs_failed_limit: 3.
num_arena_births: 192.
num_arena_deaths: 0.
num_vsnodes_births: 4.
num_vsnodes_deaths: 0.
num_space_committed: 358.
num_space_uncommitted: 0.
num_chunks_returned_to_freelist: 3.
num_chunks_taken_from_freelist: 700.
num_chunk_merges: 0.
num_chunk_splits: 495.
num_chunks_enlarged: 396.
num_purges: 0.
num_inconsistent_stats: 0.

CodeHeap 'non-profiled nmethods': size=120032Kb used=1053Kb max_used=1053Kb free=118978Kb
 bounds [0x000000011639c000, 0x000000011660c000, 0x000000011d8d4000]
CodeHeap 'profiled nmethods': size=120016Kb used=5165Kb max_used=5165Kb free=114850Kb
 bounds [0x000000010ee68000, 0x000000010f378000, 0x000000011639c000]
CodeHeap 'non-nmethods': size=5712Kb used=1368Kb max_used=1427Kb free=4343Kb
 bounds [0x000000010e8d4000, 0x000000010eb44000, 0x000000010ee68000]
 total_blobs=3361 nmethods=2610 adapters=667
 compilation: enabled
              stopped_count=0, restarted_count=0
 full_count=0

Compilation events (20 events):
Event: 127.678 Thread 0x0000000132827600 nmethod 2665 0x000000010f370390 code [0x000000010f370580, 0x000000010f370888]
Event: 127.678 Thread 0x0000000132827600 2666       3       java.util.LinkedList::push (6 bytes)
Event: 127.678 Thread 0x0000000132827600 nmethod 2666 0x000000010f370a10 code [0x000000010f370bc0, 0x000000010f370dd8]
Event: 127.678 Thread 0x0000000132827600 2668       1       com.sun.javafx.sg.prism.NGShape::isSmooth (5 bytes)
Event: 127.678 Thread 0x0000000132827600 nmethod 2668 0x00000001164a1f10 code [0x00000001164a2080, 0x00000001164a2168]
Event: 127.678 Thread 0x0000000132827600 2669       1       com.sun.javafx.sg.prism.NGPath::getShape (5 bytes)
Event: 127.678 Thread 0x0000000132827600 nmethod 2669 0x00000001164a2210 code [0x00000001164a2380, 0x00000001164a2468]
Event: 127.678 Thread 0x0000000132827600 2670       1       com.sun.prism.impl.BaseGraphics::setStroke (6 bytes)
Event: 127.678 Thread 0x0000000132827600 nmethod 2670 0x00000001164a2510 code [0x00000001164a2680, 0x00000001164a27e8]
Event: 127.678 Thread 0x0000000132827600 2671       1       com.sun.prism.impl.BaseGraphics::getStroke (5 bytes)
Event: 127.678 Thread 0x0000000132827600 nmethod 2671 0x00000001164a2890 code [0x00000001164a2a00, 0x00000001164a2ae8]
Event: 127.683 Thread 0x0000000124095800 nmethod 2667 0x00000001164a2b90 code [0x00000001164a2dc0, 0x00000001164a31e0]
Event: 128.175 Thread 0x0000000132827600 2672       3       javafx.scene.control.skin.TextInputControlSkin$CaretBlinking::setBlink (29 bytes)
Event: 128.176 Thread 0x0000000132827600 nmethod 2672 0x000000010f370f10 code [0x000000010f371100, 0x000000010f3715c8]
Event: 128.176 Thread 0x0000000132827600 2673       3       com.sun.javafx.geom.RectBounds::flattenInto (46 bytes)
Event: 128.176 Thread 0x0000000132827600 nmethod 2673 0x000000010f371710 code [0x000000010f371900, 0x000000010f371ea8]
Event: 128.677 Thread 0x0000000132827600 2674       3       com.sun.prism.impl.ps.CachingShapeRepState::equalsIgnoreTranslation (61 bytes)
Event: 128.678 Thread 0x0000000132827600 nmethod 2674 0x000000010f372110 code [0x000000010f372380, 0x000000010f372d68]
Event: 129.176 Thread 0x0000000132827600 2675       3       java.util.concurrent.locks.AbstractQueuedSynchronizer::acquire (20 bytes)
Event: 129.176 Thread 0x0000000132827600 nmethod 2675 0x000000010f372f90 code [0x000000010f373140, 0x000000010f373408]

GC Heap History (4 events):
Event: 0.350 GC heap before
{Heap before GC invocations=0 (full 0):
 garbage-first heap   total 131072K, used 22528K [0x0000000780000000, 0x0000000800000000)
  region size 1024K, 23 young (23552K), 0 survivors (0K)
 Metaspace       used 13795K, committed 14016K, reserved 1064960K
  class space    used 1492K, committed 1600K, reserved 1048576K
}
Event: 0.352 GC heap after
{Heap after GC invocations=1 (full 0):
 garbage-first heap   total 131072K, used 3285K [0x0000000780000000, 0x0000000800000000)
  region size 1024K, 3 young (3072K), 3 survivors (3072K)
 Metaspace       used 13795K, committed 14016K, reserved 1064960K
  class space    used 1492K, committed 1600K, reserved 1048576K
}
Event: 0.682 GC heap before
{Heap before GC invocations=1 (full 0):
 garbage-first heap   total 131072K, used 31957K [0x0000000780000000, 0x0000000800000000)
  region size 1024K, 32 young (32768K), 3 survivors (3072K)
 Metaspace       used 21336K, committed 21504K, reserved 1073152K
  class space    used 2848K, committed 2944K, reserved 1048576K
}
Event: 0.685 GC heap after
{Heap after GC invocations=2 (full 0):
 garbage-first heap   total 131072K, used 7291K [0x0000000780000000, 0x0000000800000000)
  region size 1024K, 4 young (4096K), 4 survivors (4096K)
 Metaspace       used 21336K, committed 21504K, reserved 1073152K
  class space    used 2848K, committed 2944K, reserved 1048576K
}

Deoptimization events (20 events):
Event: 11.672 Thread 0x000000013280ea00 DEOPT PACKING pc=0x000000010f1e0f54 sp=0x000000016dc75410
Event: 11.672 Thread 0x000000013280ea00 DEOPT UNPACKING pc=0x000000010e912b7c sp=0x000000016dc75030 mode 0
Event: 79.012 Thread 0x0000000132214800 Uncommon trap: trap_request=0xffffff45 fr.pc=0x0000000116452ef8 relative=0x0000000000000078
Event: 79.012 Thread 0x0000000132214800 Uncommon trap: reason=unstable_if action=reinterpret pc=0x0000000116452ef8 method=java.util.concurrent.locks.ReentrantLock$Sync.isHeldExclusively()Z @ 7 c2
Event: 79.012 Thread 0x0000000132214800 DEOPT PACKING pc=0x0000000116452ef8 sp=0x000000016b3f3e40
Event: 79.012 Thread 0x0000000132214800 DEOPT UNPACKING pc=0x000000010e912d1c sp=0x000000016b3f3de0 mode 2
Event: 79.075 Thread 0x000000013280ea00 Uncommon trap: trap_request=0xffffff45 fr.pc=0x0000000116440024 relative=0x0000000000001a24
Event: 79.075 Thread 0x000000013280ea00 Uncommon trap: reason=unstable_if action=reinterpret pc=0x0000000116440024 method=com.sun.marlin.Renderer._endRendering(IILcom/sun/marlin/MarlinAlphaConsumer;)V @ 207 c2
Event: 79.075 Thread 0x000000013280ea00 DEOPT PACKING pc=0x0000000116440024 sp=0x000000016dc75180
Event: 79.075 Thread 0x000000013280ea00 DEOPT UNPACKING pc=0x000000010e912d1c sp=0x000000016dc74fa0 mode 2
Event: 79.076 Thread 0x000000013280ea00 Uncommon trap: trap_request=0xffffff45 fr.pc=0x000000011643a270 relative=0x00000000000017f0
Event: 79.076 Thread 0x000000013280ea00 Uncommon trap: reason=unstable_if action=reinterpret pc=0x000000011643a270 method=com.sun.marlin.Renderer._endRendering(IILcom/sun/marlin/MarlinAlphaConsumer;)V @ 2137 c2
Event: 79.076 Thread 0x000000013280ea00 DEOPT PACKING pc=0x000000011643a270 sp=0x000000016dc750f0
Event: 79.076 Thread 0x000000013280ea00 DEOPT UNPACKING pc=0x000000010e912d1c sp=0x000000016dc74fa0 mode 2
Event: 79.076 Thread 0x000000013280ea00 Uncommon trap: trap_request=0xffffff45 fr.pc=0x00000001164336d0 relative=0x0000000000001fd0
Event: 79.076 Thread 0x000000013280ea00 Uncommon trap: reason=unstable_if action=reinterpret pc=0x00000001164336d0 method=com.sun.marlin.Renderer._endRendering(IILcom/sun/marlin/MarlinAlphaConsumer;)V @ 2137 c2
Event: 79.076 Thread 0x000000013280ea00 DEOPT PACKING pc=0x00000001164336d0 sp=0x000000016dc750f0
Event: 79.076 Thread 0x000000013280ea00 DEOPT UNPACKING pc=0x000000010e912d1c sp=0x000000016dc74fa0 mode 2
Event: 85.175 Thread 0x000000013280ea00 DEOPT PACKING pc=0x000000010f2f6100 sp=0x000000016dc75060
Event: 85.175 Thread 0x000000013280ea00 DEOPT UNPACKING pc=0x000000010e912b7c sp=0x000000016dc74c60 mode 0

Classes unloaded (0 events):
No events

Classes redefined (0 events):
No events

Internal exceptions (20 events):
Event: 0.334 Thread 0x0000000132214800 Exception <a 'java/lang/NoSuchMethodError'{0x0000000786bb82e8}: 'java.lang.Object java.lang.invoke.DirectMethodHandle$Holder.invokeSpecial(java.lang.Object, java.lang.Object, java.lang.Object, int, java.lang.Object)'> (0x0000000786bb82e8) 
thrown [../../src/hotspot/share/interpreter/linkResolver.cpp, line 766]
Event: 0.370 Thread 0x0000000132214800 Exception <a 'java/lang/NoSuchMethodError'{0x0000000787cdbe00}: 'void java.lang.invoke.DirectMethodHandle$Holder.invokeStaticInit(java.lang.Object, java.lang.Object)'> (0x0000000787cdbe00) 
thrown [../../src/hotspot/share/interpreter/linkResolver.cpp, line 766]
Event: 0.373 Thread 0x0000000132214800 Exception <a 'java/lang/NoSuchMethodError'{0x0000000787b60530}: 'void java.lang.invoke.DirectMethodHandle$Holder.invokeSpecial(java.lang.Object, java.lang.Object, java.lang.Object, java.lang.Object, java.lang.Object)'> (0x0000000787b60530) 
thrown [../../src/hotspot/share/interpreter/linkResolver.cpp, line 766]
Event: 0.401 Thread 0x0000000132214800 Implicit null exception at 0x00000001163de8f8 to 0x00000001163de988
Event: 0.404 Thread 0x0000000132214800 Implicit null exception at 0x00000001163e70d4 to 0x00000001163e7438
Event: 0.405 Thread 0x0000000132214800 Implicit null exception at 0x00000001163e97d4 to 0x00000001163e9b2c
Event: 0.432 Thread 0x0000000132214800 Exception <a 'java/io/FileNotFoundException'{0x00000007874636a8}> (0x00000007874636a8) 
thrown [../../src/hotspot/share/prims/jni.cpp, line 516]
Event: 0.450 Thread 0x0000000132214800 Exception <a 'java/lang/ClassNotFoundException'{0x0000000787148518}: com/sun/javafx/scene/control/skin/resources/controls> (0x0000000787148518) 
thrown [../../src/hotspot/share/prims/jni.cpp, line 535]
Event: 0.451 Thread 0x0000000132214800 Exception <a 'java/lang/ClassNotFoundException'{0x00000007871564b8}: com/sun/javafx/scene/control/skin/resources/controls_en> (0x00000007871564b8) 
thrown [../../src/hotspot/share/prims/jni.cpp, line 535]
Event: 0.451 Thread 0x0000000132214800 Exception <a 'java/lang/ClassNotFoundException'{0x0000000787157ac0}: com/sun/javafx/scene/control/skin/resources/controls_en_NO> (0x0000000787157ac0) 
thrown [../../src/hotspot/share/prims/jni.cpp, line 535]
Event: 0.462 Thread 0x0000000132214800 Exception <a 'java/lang/NoSuchMethodError'{0x0000000786f16aa0}: 'void java.lang.invoke.DirectMethodHandle$Holder.invokeSpecial(java.lang.Object, java.lang.Object, java.lang.Object, java.lang.Object, java.lang.Object, java.lang.Object)'> (0x0000000786f16aa0) 
thrown [../../src/hotspot/share/interpreter/linkResolver.cpp, line 766]
Event: 0.589 Thread 0x0000000132214800 Exception <a 'java/lang/NoSuchMethodError'{0x0000000786b2fe60}: 'java.lang.Object java.lang.invoke.DirectMethodHandle$Holder.invokeInterface(java.lang.Object, java.lang.Object, java.lang.Object)'> (0x0000000786b2fe60) 
thrown [../../src/hotspot/share/interpreter/linkResolver.cpp, line 766]
Event: 0.589 Thread 0x0000000132214800 Exception <a 'java/lang/IncompatibleClassChangeError'{0x0000000786b337e8}: Found class java.lang.Object, but interface was expected> (0x0000000786b337e8) 
thrown [../../src/hotspot/share/interpreter/linkResolver.cpp, line 833]
Event: 0.632 Thread 0x0000000132214800 Exception <a 'java/lang/NoSuchMethodError'{0x0000000786301038}: 'java.lang.Object java.lang.invoke.DirectMethodHandle$Holder.newInvokeSpecial(java.lang.Object, java.lang.Object, int, int)'> (0x0000000786301038) 
thrown [../../src/hotspot/share/interpreter/linkResolver.cpp, line 766]
Event: 0.635 Thread 0x0000000132214800 Exception <a 'java/lang/NoSuchMethodError'{0x00000007863150a0}: 'java.lang.Object java.lang.invoke.DirectMethodHandle$Holder.newInvokeSpecial(java.lang.Object, java.lang.Object, int)'> (0x00000007863150a0) 
thrown [../../src/hotspot/share/interpreter/linkResolver.cpp, line 766]
Event: 0.670 Thread 0x0000000132214800 Exception <a 'java/lang/NoSuchMethodError'{0x0000000786264ac0}: 'long java.lang.invoke.DirectMethodHandle$Holder.invokeStatic(java.lang.Object, java.lang.Object, java.lang.Object)'> (0x0000000786264ac0) 
thrown [../../src/hotspot/share/interpreter/linkResolver.cpp, line 766]
Event: 0.670 Thread 0x0000000132214800 Exception <a 'java/lang/NoSuchMethodError'{0x0000000786268268}: 'long java.lang.invoke.DirectMethodHandle$Holder.invokeStaticInit(java.lang.Object, java.lang.Object, java.lang.Object)'> (0x0000000786268268) 
thrown [../../src/hotspot/share/interpreter/linkResolver.cpp, line 766]
Event: 0.670 Thread 0x000000013280ea00 Exception <a 'java/lang/NoSuchMethodError'{0x00000007862dce28}: 'int java.lang.invoke.DirectMethodHandle$Holder.invokeStaticInit(java.lang.Object, java.lang.Object)'> (0x00000007862dce28) 
thrown [../../src/hotspot/share/interpreter/linkResolver.cpp, line 766]
Event: 0.671 Thread 0x0000000132214800 Exception <a 'java/lang/NoSuchMethodError'{0x000000078610a2b0}: 'java.lang.Object java.lang.invoke.DirectMethodHandle$Holder.newInvokeSpecial(java.lang.Object, java.lang.Object, long)'> (0x000000078610a2b0) 
thrown [../../src/hotspot/share/interpreter/linkResolver.cpp, line 766]
Event: 0.671 Thread 0x0000000132214800 Exception <a 'java/lang/NoSuchMethodError'{0x000000078610db78}: 'java.lang.Object java.lang.invoke.Invokers$Holder.linkToTargetMethod(java.lang.Object, long, java.lang.Object)'> (0x000000078610db78) 
thrown [../../src/hotspot/share/interpreter/linkResolver.cpp, line 766]

VM Operations (20 events):
Event: 105.124 Executing VM operation: Cleanup
Event: 105.124 Executing VM operation: Cleanup done
Event: 106.129 Executing VM operation: Cleanup
Event: 106.129 Executing VM operation: Cleanup done
Event: 107.134 Executing VM operation: Cleanup
Event: 107.135 Executing VM operation: Cleanup done
Event: 109.141 Executing VM operation: Cleanup
Event: 109.141 Executing VM operation: Cleanup done
Event: 119.175 Executing VM operation: Cleanup
Event: 119.175 Executing VM operation: Cleanup done
Event: 122.184 Executing VM operation: Cleanup
Event: 122.184 Executing VM operation: Cleanup done
Event: 126.200 Executing VM operation: Cleanup
Event: 126.200 Executing VM operation: Cleanup done
Event: 127.202 Executing VM operation: Cleanup
Event: 127.202 Executing VM operation: Cleanup done
Event: 128.205 Executing VM operation: Cleanup
Event: 128.205 Executing VM operation: Cleanup done
Event: 129.207 Executing VM operation: Cleanup
Event: 129.208 Executing VM operation: Cleanup done

Events (20 events):
Event: 0.692 loading class java/nio/DirectByteBuffer$Deallocator
Event: 0.692 loading class java/nio/DirectByteBuffer$Deallocator done
Event: 0.692 loading class java/nio/DirectShortBufferU
Event: 0.692 loading class java/nio/ShortBuffer
Event: 0.692 loading class java/nio/ShortBuffer done
Event: 0.692 loading class java/nio/DirectShortBufferU done
Event: 0.697 loading class java/nio/FloatBuffer
Event: 0.698 loading class java/nio/FloatBuffer done
Event: 0.698 loading class java/nio/DoubleBuffer
Event: 0.698 loading class java/nio/DoubleBuffer done
Event: 0.698 loading class java/nio/DirectFloatBufferU
Event: 0.698 loading class java/nio/DirectFloatBufferU done
Event: 54.674 loading class jdk/internal/misc/ScopedMemoryAccess$Scope
Event: 54.675 loading class jdk/internal/misc/ScopedMemoryAccess$Scope done
Event: 79.014 loading class java/util/EnumMap$Values
Event: 79.014 loading class java/util/EnumMap$Values done
Event: 79.014 loading class java/util/EnumMap$ValueIterator
Event: 79.014 loading class java/util/EnumMap$EnumMapIterator
Event: 79.014 loading class java/util/EnumMap$EnumMapIterator done
Event: 79.014 loading class java/util/EnumMap$ValueIterator done


Dynamic libraries:
0x0000000104b3c000 	/Users/system/.sdkman/candidates/java/17.0.1-tem/lib/libjli.dylib
0x000000019eed1000 	/usr/lib/libz.1.dylib
0x000000019ef88000 	/usr/lib/libSystem.B.dylib
0x000000019ef82000 	/usr/lib/system/libcache.dylib
0x000000019ef40000 	/usr/lib/system/libcommonCrypto.dylib
0x000000019ef69000 	/usr/lib/system/libcompiler_rt.dylib
0x000000019ef60000 	/usr/lib/system/libcopyfile.dylib
0x00000001941a7000 	/usr/lib/system/libcorecrypto.dylib
0x000000019425c000 	/usr/lib/system/libdispatch.dylib
0x000000019442a000 	/usr/lib/system/libdyld.dylib
0x000000019ef78000 	/usr/lib/system/libkeymgr.dylib
0x000000019ef1b000 	/usr/lib/system/libmacho.dylib
0x000000019e60b000 	/usr/lib/system/libquarantine.dylib
0x000000019ef75000 	/usr/lib/system/libremovefile.dylib
0x00000001995a2000 	/usr/lib/system/libsystem_asl.dylib
0x0000000194149000 	/usr/lib/system/libsystem_blocks.dylib
0x00000001942e4000 	/usr/lib/system/libsystem_c.dylib
0x000000019ef6d000 	/usr/lib/system/libsystem_collections.dylib
0x000000019daa0000 	/usr/lib/system/libsystem_configuration.dylib
0x000000019ccfa000 	/usr/lib/system/libsystem_containermanager.dylib
0x000000019ec78000 	/usr/lib/system/libsystem_coreservices.dylib
0x0000000196b5b000 	/usr/lib/system/libsystem_darwin.dylib
0x000000019ef79000 	/usr/lib/system/libsystem_dnssd.dylib
0x00000001942e1000 	/usr/lib/system/libsystem_featureflags.dylib
0x000000019443f000 	/usr/lib/system/libsystem_info.dylib
0x000000019eee3000 	/usr/lib/system/libsystem_m.dylib
0x0000000194231000 	/usr/lib/system/libsystem_malloc.dylib
0x0000000199530000 	/usr/lib/system/libsystem_networkextension.dylib
0x0000000196fb4000 	/usr/lib/system/libsystem_notify.dylib
0x00000001a52dd000 	/usr/lib/system/libsystem_product_info_filter.dylib
0x000000019daa5000 	/usr/lib/system/libsystem_sandbox.dylib
0x000000019ef72000 	/usr/lib/system/libsystem_secinit.dylib
0x00000001943e5000 	/usr/lib/system/libsystem_kernel.dylib
0x0000000194437000 	/usr/lib/system/libsystem_platform.dylib
0x000000019441d000 	/usr/lib/system/libsystem_pthread.dylib
0x000000019ad06000 	/usr/lib/system/libsystem_symptoms.dylib
0x000000019418d000 	/usr/lib/system/libsystem_trace.dylib
0x000000019ef4d000 	/usr/lib/system/libunwind.dylib
0x000000019414b000 	/usr/lib/system/libxpc.dylib
0x00000001943cd000 	/usr/lib/libc++abi.dylib
0x00000001942a3000 	/usr/lib/libobjc.A.dylib
0x000000019ef58000 	/usr/lib/liboah.dylib
0x0000000194366000 	/usr/lib/libc++.1.dylib
0x00000001aae0b000 	/System/Library/Frameworks/Cocoa.framework/Versions/A/Cocoa
0x0000000197015000 	/System/Library/Frameworks/AppKit.framework/Versions/C/AppKit
0x000000019a52c000 	/System/Library/Frameworks/CoreData.framework/Versions/A/CoreData
0x0000000195370000 	/System/Library/Frameworks/Foundation.framework/Versions/C/Foundation
0x0000000197ece000 	/System/Library/PrivateFrameworks/UIFoundation.framework/Versions/A/UIFoundation
0x00000001a4fd7000 	/System/Library/PrivateFrameworks/RemoteViewServices.framework/Versions/A/RemoteViewServices
0x000000019d448000 	/System/Library/PrivateFrameworks/XCTTargetBootstrap.framework/Versions/A/XCTTargetBootstrap
0x00000001a0cc8000 	/System/Library/PrivateFrameworks/InternationalSupport.framework/Versions/A/InternationalSupport
0x00000001a0d51000 	/System/Library/PrivateFrameworks/UserActivity.framework/Versions/A/UserActivity
0x00000001a01bf000 	/usr/lib/libspindump.dylib
0x000000019813f000 	/System/Library/Frameworks/UniformTypeIdentifiers.framework/Versions/A/UniformTypeIdentifiers
0x000000019b990000 	/usr/lib/libapp_launch_measurement.dylib
0x000000019aeb8000 	/System/Library/PrivateFrameworks/CoreAnalytics.framework/Versions/A/CoreAnalytics
0x000000019b993000 	/System/Library/PrivateFrameworks/CoreAutoLayout.framework/Versions/A/CoreAutoLayout
0x000000019cd37000 	/System/Library/Frameworks/Metal.framework/Versions/A/Metal
0x000000019dab0000 	/usr/lib/liblangid.dylib
0x000000019d44d000 	/System/Library/PrivateFrameworks/CoreSVG.framework/Versions/A/CoreSVG
0x00000001995d6000 	/System/Library/PrivateFrameworks/SkyLight.framework/Versions/A/SkyLight
0x00000001999b2000 	/System/Library/Frameworks/CoreGraphics.framework/Versions/A/CoreGraphics
0x00000001a56a3000 	/System/Library/Frameworks/Accelerate.framework/Versions/A/Accelerate
0x000000019fc36000 	/System/Library/PrivateFrameworks/IconServices.framework/Versions/A/IconServices
0x000000019cd19000 	/System/Library/Frameworks/IOSurface.framework/Versions/A/IOSurface
0x000000019aee9000 	/usr/lib/libDiagnosticMessagesClient.dylib
0x00000001a8ba8000 	/System/Library/Frameworks/ApplicationServices.framework/Versions/A/ApplicationServices
0x000000019d430000 	/System/Library/PrivateFrameworks/DFRFoundation.framework/Versions/A/DFRFoundation
0x00000001968a5000 	/usr/lib/libicucore.A.dylib
0x00000001a1b76000 	/System/Library/Frameworks/AudioToolbox.framework/Versions/A/AudioToolbox
0x00000001a0cd4000 	/System/Library/PrivateFrameworks/DataDetectorsCore.framework/Versions/A/DataDetectorsCore
0x00000001b76f4000 	/System/Library/PrivateFrameworks/TextInput.framework/Versions/A/TextInput
0x000000019954b000 	/usr/lib/libMobileGestalt.dylib
0x000000019d0fc000 	/System/Library/Frameworks/Carbon.framework/Versions/A/Frameworks/HIToolbox.framework/Versions/A/HIToolbox
0x000000019b369000 	/System/Library/Frameworks/QuartzCore.framework/Versions/A/QuartzCore
0x0000000196526000 	/System/Library/Frameworks/Security.framework/Versions/A/Security
0x00000001a5017000 	/System/Library/Frameworks/Carbon.framework/Versions/A/Frameworks/SpeechRecognition.framework/Versions/A/SpeechRecognition
0x000000019b6e5000 	/System/Library/PrivateFrameworks/CoreUI.framework/Versions/A/CoreUI
0x0000000195e02000 	/System/Library/Frameworks/CoreAudio.framework/Versions/A/CoreAudio
0x000000019afdd000 	/System/Library/Frameworks/DiskArbitration.framework/Versions/A/DiskArbitration
0x00000001a05c9000 	/System/Library/PrivateFrameworks/MultitouchSupport.framework/Versions/A/MultitouchSupport
0x0000000199549000 	/usr/lib/libenergytrace.dylib
0x0000000196edd000 	/System/Library/Frameworks/IOKit.framework/Versions/A/IOKit
0x00000001a5406000 	/System/Library/Frameworks/CoreServices.framework/Versions/A/CoreServices
0x000000019b920000 	/System/Library/PrivateFrameworks/PerformanceAnalysis.framework/Versions/A/PerformanceAnalysis
0x00000001f5b9f000 	/System/Library/Frameworks/OpenGL.framework/Versions/A/OpenGL
0x000000019e523000 	/System/Library/PrivateFrameworks/MobileKeyBag.framework/Versions/A/MobileKeyBag
0x0000000199fc0000 	/System/Library/Frameworks/ColorSync.framework/Versions/A/ColorSync
0x000000019446c000 	/System/Library/Frameworks/CoreFoundation.framework/Versions/A/CoreFoundation
0x000000019d6cc000 	/System/Library/Frameworks/CoreImage.framework/Versions/A/CoreImage
0x0000000195c26000 	/System/Library/Frameworks/CoreText.framework/Versions/A/CoreText
0x000000019d47d000 	/System/Library/Frameworks/ImageIO.framework/Versions/A/ImageIO
0x000000019ef8e000 	/System/Library/PrivateFrameworks/SoftLinking.framework/Versions/A/SoftLinking
0x000000019b9de000 	/usr/lib/libxml2.2.dylib
0x000000019f227000 	/usr/lib/libcompression.dylib
0x00000001a0c24000 	/System/Library/PrivateFrameworks/TextureIO.framework/Versions/A/TextureIO
0x000000019f94f000 	/usr/lib/libate.dylib
0x000000019f814000 	/usr/lib/liblzma.5.dylib
0x0000000195063000 	/System/Library/Frameworks/SystemConfiguration.framework/Versions/A/SystemConfiguration
0x000000019ef8a000 	/usr/lib/libfakelink.dylib
0x000000019907b000 	/System/Library/Frameworks/CFNetwork.framework/Versions/A/CFNetwork
0x000000019f0d0000 	/usr/lib/libarchive.2.dylib
0x000000019daac000 	/System/Library/PrivateFrameworks/AppleSystemInfo.framework/Versions/A/AppleSystemInfo
0x000000019e636000 	/usr/lib/libbsm.0.dylib
0x00000001985e8000 	/usr/lib/libnetwork.dylib
0x000000019ef24000 	/usr/lib/system/libkxld.dylib
0x000000019e250000 	/System/Library/PrivateFrameworks/IOMobileFramebuffer.framework/Versions/A/IOMobileFramebuffer
0x0000000213f89000 	/usr/lib/libCoreEntitlements.dylib
0x000000019ec5a000 	/System/Library/PrivateFrameworks/AppleFSCompression.framework/Versions/A/AppleFSCompression
0x000000019e61e000 	/usr/lib/libcoretls.dylib
0x000000019f82d000 	/usr/lib/libcoretls_cfhelpers.dylib
0x000000019f222000 	/usr/lib/libpam.2.dylib
0x000000019a91c000 	/usr/lib/libsqlite3.dylib
0x000000019f896000 	/usr/lib/libxar.1.dylib
0x000000019ec6b000 	/usr/lib/libbz2.1.0.dylib
0x000000019ef8f000 	/usr/lib/libpcap.A.dylib
0x000000019acfd000 	/usr/lib/libdns_services.dylib
0x000000019f1f5000 	/usr/lib/libapple_nghttp2.dylib
0x000000019efcc000 	/usr/lib/libiconv.2.dylib
0x000000019ef1a000 	/usr/lib/libcharset.1.dylib
0x000000019b95c000 	/System/Library/Frameworks/CoreServices.framework/Versions/A/Frameworks/FSEvents.framework/Versions/A/FSEvents
0x0000000196b66000 	/System/Library/Frameworks/CoreServices.framework/Versions/A/Frameworks/CarbonCore.framework/Versions/A/CarbonCore
0x000000019af3d000 	/System/Library/Frameworks/CoreServices.framework/Versions/A/Frameworks/Metadata.framework/Versions/A/Metadata
0x000000019ec7e000 	/System/Library/Frameworks/CoreServices.framework/Versions/A/Frameworks/OSServices.framework/Versions/A/OSServices
0x000000019f156000 	/System/Library/Frameworks/CoreServices.framework/Versions/A/Frameworks/SearchKit.framework/Versions/A/SearchKit
0x000000019ac8b000 	/System/Library/Frameworks/CoreServices.framework/Versions/A/Frameworks/AE.framework/Versions/A/AE
0x00000001949b3000 	/System/Library/Frameworks/CoreServices.framework/Versions/A/Frameworks/LaunchServices.framework/Versions/A/LaunchServices
0x000000019f7bd000 	/System/Library/Frameworks/CoreServices.framework/Versions/A/Frameworks/DictionaryServices.framework/Versions/A/DictionaryServices
0x000000019b969000 	/System/Library/Frameworks/CoreServices.framework/Versions/A/Frameworks/SharedFileList.framework/Versions/A/SharedFileList
0x000000019e60e000 	/usr/lib/libCheckFix.dylib
0x00000001995ba000 	/System/Library/PrivateFrameworks/TCC.framework/Versions/A/TCC
0x000000019dab2000 	/System/Library/PrivateFrameworks/CoreNLP.framework/Versions/A/CoreNLP
0x000000019aeec000 	/System/Library/PrivateFrameworks/MetadataUtilities.framework/Versions/A/MetadataUtilities
0x000000019511d000 	/usr/lib/libmecabra.dylib
0x000000019e647000 	/usr/lib/libmecab.dylib
0x00000001950e9000 	/usr/lib/libCRFSuite.dylib
0x000000019e6a4000 	/usr/lib/libgermantok.dylib
0x000000019f1ce000 	/usr/lib/libThaiTokenizer.dylib
0x000000019afe5000 	/System/Library/Frameworks/Accelerate.framework/Versions/A/Frameworks/vImage.framework/Versions/A/vImage
0x00000001a53dd000 	/System/Library/Frameworks/Accelerate.framework/Versions/A/Frameworks/vecLib.framework/Versions/A/vecLib
0x000000019f8db000 	/System/Library/Frameworks/Accelerate.framework/Versions/A/Frameworks/vecLib.framework/Versions/A/libvMisc.dylib
0x000000019e157000 	/System/Library/Frameworks/Accelerate.framework/Versions/A/Frameworks/vecLib.framework/Versions/A/libvDSP.dylib
0x0000000194d3e000 	/System/Library/Frameworks/Accelerate.framework/Versions/A/Frameworks/vecLib.framework/Versions/A/libBLAS.dylib
0x000000019f2f8000 	/System/Library/Frameworks/Accelerate.framework/Versions/A/Frameworks/vecLib.framework/Versions/A/libLAPACK.dylib
0x000000019e6a7000 	/System/Library/Frameworks/Accelerate.framework/Versions/A/Frameworks/vecLib.framework/Versions/A/libLinearAlgebra.dylib
0x000000019f20d000 	/System/Library/Frameworks/Accelerate.framework/Versions/A/Frameworks/vecLib.framework/Versions/A/libSparseBLAS.dylib
0x000000019f2f3000 	/System/Library/Frameworks/Accelerate.framework/Versions/A/Frameworks/vecLib.framework/Versions/A/libQuadrature.dylib
0x000000019dbab000 	/System/Library/Frameworks/Accelerate.framework/Versions/A/Frameworks/vecLib.framework/Versions/A/libBNNS.dylib
0x0000000194ffc000 	/System/Library/Frameworks/Accelerate.framework/Versions/A/Frameworks/vecLib.framework/Versions/A/libSparse.dylib
0x000000019dba3000 	/System/Library/PrivateFrameworks/LinguisticData.framework/Versions/A/LinguisticData
0x0000000194fb4000 	/System/Library/PrivateFrameworks/Lexicon.framework/Versions/A/Lexicon
0x000000019f8d3000 	/usr/lib/libChineseTokenizer.dylib
0x0000000195762000 	/System/Library/PrivateFrameworks/LanguageModeling.framework/Versions/A/LanguageModeling
0x000000019f1d0000 	/System/Library/PrivateFrameworks/AppleSauce.framework/Versions/A/AppleSauce
0x000000019e23d000 	/System/Library/PrivateFrameworks/CoreEmoji.framework/Versions/A/CoreEmoji
0x000000019f0be000 	/usr/lib/libcmph.dylib
0x000000019b93c000 	/System/Library/Frameworks/OpenDirectory.framework/Versions/A/Frameworks/CFOpenDirectory.framework/Versions/A/CFOpenDirectory
0x000000019b92c000 	/System/Library/Frameworks/OpenDirectory.framework/Versions/A/OpenDirectory
0x000000019f82f000 	/System/Library/PrivateFrameworks/APFS.framework/Versions/A/APFS
0x000000019e55e000 	/System/Library/Frameworks/SecurityFoundation.framework/Versions/A/SecurityFoundation
0x000000019f8a5000 	/usr/lib/libutil.dylib
0x0000000196e9f000 	/System/Library/PrivateFrameworks/CoreServicesStore.framework/Versions/A/CoreServicesStore
0x000000019f8a9000 	/usr/lib/libxslt.1.dylib
0x000000019e5f2000 	/System/Library/PrivateFrameworks/BackgroundTaskManagement.framework/Versions/A/BackgroundTaskManagement
0x00000001a0b45000 	/System/Library/Frameworks/ImageIO.framework/Versions/A/Resources/libRadiance.dylib
0x00000001a0b4e000 	/System/Library/Frameworks/ImageIO.framework/Versions/A/Resources/libJPEG.dylib
0x00000001a0aa1000 	/System/Library/Frameworks/ImageIO.framework/Versions/A/Resources/libPng.dylib
0x00000001a0ac3000 	/System/Library/Frameworks/ImageIO.framework/Versions/A/Resources/libTIFF.dylib
0x00000001a0ba9000 	/System/Library/Frameworks/ImageIO.framework/Versions/A/Resources/libGIF.dylib
0x00000001a04d9000 	/System/Library/Frameworks/ImageIO.framework/Versions/A/Resources/libJP2.dylib
0x000000019fbfb000 	/usr/lib/libexpat.1.dylib
0x00000001a0494000 	/System/Library/PrivateFrameworks/AppleJPEG.framework/Versions/A/AppleJPEG
0x000000019cfb8000 	/System/Library/PrivateFrameworks/FontServices.framework/libFontParser.dylib
0x000000019ac30000 	/System/Library/PrivateFrameworks/RunningBoardServices.framework/Versions/A/RunningBoardServices
0x00000001ab4e2000 	/System/Library/PrivateFrameworks/IOSurfaceAccelerator.framework/Versions/A/IOSurfaceAccelerator
0x00000001a05c5000 	/System/Library/PrivateFrameworks/WatchdogClient.framework/Versions/A/WatchdogClient
0x0000000195862000 	/System/Library/Frameworks/CoreDisplay.framework/Versions/A/CoreDisplay
0x000000019cea2000 	/System/Library/Frameworks/CoreMedia.framework/Versions/A/CoreMedia
0x000000019cd2d000 	/System/Library/PrivateFrameworks/IOAccelerator.framework/Versions/A/IOAccelerator
0x000000019bacc000 	/System/Library/Frameworks/CoreVideo.framework/Versions/A/CoreVideo
0x000000019f220000 	/System/Library/Frameworks/MetalPerformanceShaders.framework/Versions/A/MetalPerformanceShaders
0x00000001a0604000 	/System/Library/Frameworks/VideoToolbox.framework/Versions/A/VideoToolbox
0x000000019ab74000 	/System/Library/PrivateFrameworks/BaseBoard.framework/Versions/A/BaseBoard
0x000000019a902000 	/System/Library/PrivateFrameworks/ProtocolBuffer.framework/Versions/A/ProtocolBuffer
0x00000001a0b40000 	/System/Library/PrivateFrameworks/GPUWrangler.framework/Versions/A/GPUWrangler
0x00000001a0b20000 	/System/Library/PrivateFrameworks/IOPresentment.framework/Versions/A/IOPresentment
0x00000001a0b48000 	/System/Library/PrivateFrameworks/DSExternalDisplay.framework/Versions/A/DSExternalDisplay
0x00000001f5b92000 	/System/Library/Frameworks/OpenGL.framework/Versions/A/Libraries/libCoreFSCache.dylib
0x0000000200a5c000 	/System/Library/PrivateFrameworks/GPUCompiler.framework/Versions/31001/Libraries/libGPUCompilerUtils.dylib
0x00000001a0bae000 	/System/Library/PrivateFrameworks/CMCaptureCore.framework/Versions/A/CMCaptureCore
0x00000001a01ac000 	/System/Library/PrivateFrameworks/AppServerSupport.framework/Versions/A/AppServerSupport
0x00000001a2434000 	/System/Library/PrivateFrameworks/perfdata.framework/Versions/A/perfdata
0x0000000195982000 	/System/Library/PrivateFrameworks/AudioToolboxCore.framework/Versions/A/AudioToolboxCore
0x000000019ce7b000 	/System/Library/PrivateFrameworks/caulk.framework/Versions/A/caulk
0x00000001a1d29000 	/usr/lib/libAudioStatistics.dylib
0x00000001b3d47000 	/System/Library/PrivateFrameworks/SystemPolicy.framework/Versions/A/SystemPolicy
0x00000001a1f95000 	/usr/lib/libSMC.dylib
0x00000001aace9000 	/System/Library/Frameworks/CoreMIDI.framework/Versions/A/CoreMIDI
0x00000001a0a6f000 	/usr/lib/libAudioToolboxUtility.dylib
0x00000001afeaa000 	/System/Library/PrivateFrameworks/OSAServicesClient.framework/Versions/A/OSAServicesClient
0x00000001a2441000 	/usr/lib/libperfcheck.dylib
0x00000001b4866000 	/usr/lib/libmis.dylib
0x00000001f5bf4000 	/System/Library/Frameworks/OpenGL.framework/Versions/A/Libraries/libGLU.dylib
0x00000001f5bb3000 	/System/Library/Frameworks/OpenGL.framework/Versions/A/Libraries/libGFXShared.dylib
0x00000001f5da0000 	/System/Library/Frameworks/OpenGL.framework/Versions/A/Libraries/libGL.dylib
0x00000001f5bbc000 	/System/Library/Frameworks/OpenGL.framework/Versions/A/Libraries/libGLImage.dylib
0x00000001f5bb0000 	/System/Library/Frameworks/OpenGL.framework/Versions/A/Libraries/libCVMSPluginSupport.dylib
0x00000001f5b99000 	/System/Library/Frameworks/OpenGL.framework/Versions/A/Libraries/libCoreVMClient.dylib
0x000000019da2c000 	/System/Library/Frameworks/MetalPerformanceShaders.framework/Versions/A/Frameworks/MPSCore.framework/Versions/A/MPSCore
0x000000019ebcd000 	/System/Library/Frameworks/MetalPerformanceShaders.framework/Versions/A/Frameworks/MPSImage.framework/Versions/A/MPSImage
0x000000019e6bc000 	/System/Library/Frameworks/MetalPerformanceShaders.framework/Versions/A/Frameworks/MPSNeuralNetwork.framework/Versions/A/MPSNeuralNetwork
0x000000019eaf5000 	/System/Library/Frameworks/MetalPerformanceShaders.framework/Versions/A/Frameworks/MPSMatrix.framework/Versions/A/MPSMatrix
0x000000019e8ce000 	/System/Library/Frameworks/MetalPerformanceShaders.framework/Versions/A/Frameworks/MPSRayIntersector.framework/Versions/A/MPSRayIntersector
0x000000019eb26000 	/System/Library/Frameworks/MetalPerformanceShaders.framework/Versions/A/Frameworks/MPSNDArray.framework/Versions/A/MPSNDArray
0x00000001f869b000 	/System/Library/Frameworks/MetalPerformanceShaders.framework/Versions/A/Frameworks/MPSFunctions.framework/Versions/A/MPSFunctions
0x0000000194c14000 	/System/Library/PrivateFrameworks/MetalTools.framework/Versions/A/MetalTools
0x000000019daaa000 	/System/Library/PrivateFrameworks/AggregateDictionary.framework/Versions/A/AggregateDictionary
0x000000019f9e0000 	/usr/lib/libIOReport.dylib
0x00000001a9d02000 	/System/Library/PrivateFrameworks/ASEProcessing.framework/Versions/A/ASEProcessing
0x000000019fd55000 	/System/Library/PrivateFrameworks/FaceCore.framework/Versions/A/FaceCore
0x000000019fd47000 	/System/Library/PrivateFrameworks/GraphVisualizer.framework/Versions/A/GraphVisualizer
0x0000000200973000 	/System/Library/PrivateFrameworks/FontServices.framework/Versions/A/FontServices
0x00000001a0168000 	/System/Library/PrivateFrameworks/OTSVG.framework/Versions/A/OTSVG
0x000000019b695000 	/System/Library/Frameworks/ApplicationServices.framework/Versions/A/Frameworks/ATS.framework/Versions/A/Resources/libFontRegistry.dylib
0x00000001a01b5000 	/System/Library/PrivateFrameworks/FontServices.framework/libhvf.dylib
0x0000000200974000 	/System/Library/PrivateFrameworks/FontServices.framework/libXTFontStaticRegistryData.dylib
0x00000001f5f41000 	/System/Library/Frameworks/OpenCL.framework/Versions/A/OpenCL
0x000000019fbaf000 	/System/Library/PrivateFrameworks/AppleVA.framework/Versions/A/AppleVA
0x00000001a1d51000 	/System/Library/Frameworks/ApplicationServices.framework/Versions/A/Frameworks/ATS.framework/Versions/A/ATS
0x000000019a0bf000 	/System/Library/Frameworks/ApplicationServices.framework/Versions/A/Frameworks/HIServices.framework/Versions/A/HIServices
0x00000001a0bb8000 	/System/Library/Frameworks/ApplicationServices.framework/Versions/A/Frameworks/PrintCore.framework/Versions/A/PrintCore
0x00000001a20e8000 	/System/Library/Frameworks/ApplicationServices.framework/Versions/A/Frameworks/QD.framework/Versions/A/QD
0x00000001a20e0000 	/System/Library/Frameworks/ApplicationServices.framework/Versions/A/Frameworks/ColorSyncLegacy.framework/Versions/A/ColorSyncLegacy
0x00000001a1d3d000 	/System/Library/Frameworks/ApplicationServices.framework/Versions/A/Frameworks/SpeechSynthesis.framework/Versions/A/SpeechSynthesis
0x00000001a0b79000 	/System/Library/Frameworks/ApplicationServices.framework/Versions/A/Frameworks/ATSUI.framework/Versions/A/ATSUI
0x00000001a2075000 	/usr/lib/libcups.2.dylib
0x00000001a244f000 	/System/Library/Frameworks/Kerberos.framework/Versions/A/Kerberos
0x00000001a2460000 	/System/Library/Frameworks/GSS.framework/Versions/A/GSS
0x00000001a1dc1000 	/usr/lib/libresolv.9.dylib
0x00000001a01c4000 	/System/Library/PrivateFrameworks/Heimdal.framework/Versions/A/Heimdal
0x00000001a8f38000 	/System/Library/Frameworks/Kerberos.framework/Versions/A/Libraries/libHeimdalProxy.dylib
0x000000019ad0f000 	/System/Library/Frameworks/Network.framework/Versions/A/Network
0x000000019fc16000 	/usr/lib/libheimdal-asn1.dylib
0x00000001a24b0000 	/System/Library/PrivateFrameworks/CommonAuth.framework/Versions/A/CommonAuth
0x00000001a1cb7000 	/System/Library/PrivateFrameworks/AudioSession.framework/Versions/A/AudioSession
0x000000019fca8000 	/System/Library/PrivateFrameworks/MediaExperience.framework/Versions/A/MediaExperience
0x00000001a1b3c000 	/System/Library/PrivateFrameworks/AudioSession.framework/libSessionUtility.dylib
0x00000001a20f4000 	/System/Library/PrivateFrameworks/AudioResourceArbitration.framework/Versions/A/AudioResourceArbitration
0x00000001a62ba000 	/System/Library/PrivateFrameworks/PowerLog.framework/Versions/A/PowerLog
0x000000019fc20000 	/System/Library/PrivateFrameworks/IconFoundation.framework/Versions/A/IconFoundation
0x00000001a5003000 	/System/Library/PrivateFrameworks/SpeechRecognitionCore.framework/Versions/A/SpeechRecognitionCore
0x0000000105e84000 	/Users/system/.sdkman/candidates/java/17.0.1-tem/lib/server/libjvm.dylib
0x0000000104ba0000 	/Users/system/.sdkman/candidates/java/17.0.1-tem/lib/libjimage.dylib
0x0000000104c28000 	/Users/system/.sdkman/candidates/java/17.0.1-tem/lib/libjava.dylib
0x0000000105b7c000 	/Users/system/.sdkman/candidates/java/17.0.1-tem/lib/libnio.dylib
0x0000000105b9c000 	/Users/system/.sdkman/candidates/java/17.0.1-tem/lib/libnet.dylib
0x0000000104db0000 	/Users/system/.sdkman/candidates/java/17.0.1-tem/lib/libzip.dylib
0x0000000105bc0000 	/Users/system/.openjfx/cache/17/libprism_es2.dylib
0x0000000196e62000 	/System/Library/PrivateFrameworks/CoreServicesInternal.framework/Versions/A/CoreServicesInternal
0x00000001f5daa000 	/System/Library/Frameworks/OpenGL.framework/Versions/A/Resources/GLEngine.bundle/GLEngine
0x00000001f5c32000 	/System/Library/Frameworks/OpenGL.framework/Versions/A/Libraries/libGLProgrammability.dylib
0x0000000105d80000 	/System/Library/Extensions/AppleMetalOpenGLRenderer.bundle/Contents/MacOS/AppleMetalOpenGLRenderer
0x00000001f5f19000 	/System/Library/Frameworks/OpenGL.framework/Versions/A/Resources/GLRendererFloat.bundle/GLRendererFloat
0x00000001f6019000 	/System/Library/Extensions/AGXMetal13_3.bundle/Contents/MacOS/AGXMetal13_3
0x00000001b4882000 	/System/Library/PrivateFrameworks/GPURawCounter.framework/Versions/A/GPURawCounter
0x00000001af013000 	/System/Library/PrivateFrameworks/IOGPU.framework/Versions/A/IOGPU
0x0000000121c64000 	/Users/system/.openjfx/cache/17/libglass.dylib
0x00000001a6512000 	/System/Library/Frameworks/FileProvider.framework/Versions/A/FileProvider
0x000000019aadc000 	/System/Library/Frameworks/Accounts.framework/Versions/A/Accounts
0x00000001a6696000 	/System/Library/PrivateFrameworks/GenerationalStorage.framework/Versions/A/GenerationalStorage
0x00000001a7259000 	/System/Library/PrivateFrameworks/CoreSymbolication.framework/Versions/A/CoreSymbolication
0x00000001a62ae000 	/System/Library/PrivateFrameworks/SymptomDiagnosticReporter.framework/Versions/A/SymptomDiagnosticReporter
0x0000000198153000 	/System/Library/PrivateFrameworks/DesktopServicesPriv.framework/Versions/A/DesktopServicesPriv
0x0000000196fc4000 	/usr/lib/libsandbox.1.dylib
0x000000019bb5a000 	/System/Library/PrivateFrameworks/UserManagement.framework/Versions/A/UserManagement
0x00000001a7216000 	/System/Library/PrivateFrameworks/DebugSymbols.framework/Versions/A/DebugSymbols
0x00000001a20d3000 	/System/Library/PrivateFrameworks/NetAuth.framework/Versions/A/NetAuth
0x00000001a2ff4000 	/System/Library/PrivateFrameworks/Sharing.framework/Versions/A/Sharing
0x000000019bb2a000 	/System/Library/PrivateFrameworks/login.framework/Versions/A/Frameworks/loginsupport.framework/Versions/A/loginsupport
0x00000001a844d000 	/System/Library/PrivateFrameworks/Apple80211.framework/Versions/A/Apple80211
0x000000019ecb1000 	/System/Library/PrivateFrameworks/AuthKit.framework/Versions/A/AuthKit
0x000000019e339000 	/System/Library/PrivateFrameworks/CoreUtils.framework/Versions/A/CoreUtils
0x000000019e25c000 	/System/Library/Frameworks/CoreWLAN.framework/Versions/A/CoreWLAN
0x00000001a3164000 	/System/Library/Frameworks/IOBluetooth.framework/Versions/A/IOBluetooth
0x00000001a84ad000 	/System/Library/PrivateFrameworks/CoreWiFi.framework/Versions/A/CoreWiFi
0x00000001a6df6000 	/System/Library/PrivateFrameworks/FrontBoardServices.framework/Versions/A/FrontBoardServices
0x00000001a6e8e000 	/System/Library/PrivateFrameworks/BoardServices.framework/Versions/A/BoardServices
0x000000019e54c000 	/System/Library/PrivateFrameworks/AssertionServices.framework/Versions/A/AssertionServices
0x00000001a862a000 	/System/Library/PrivateFrameworks/BackBoardServices.framework/Versions/A/BackBoardServices
0x00000001a2547000 	/System/Library/PrivateFrameworks/CorePhoneNumbers.framework/Versions/A/CorePhoneNumbers
0x00000001a1dee000 	/System/Library/PrivateFrameworks/MultiverseSupport.framework/Versions/A/MultiverseSupport
0x00000001a88ab000 	/System/Library/PrivateFrameworks/RemoteServiceDiscovery.framework/Versions/A/RemoteServiceDiscovery
0x00000001a63de000 	/System/Library/PrivateFrameworks/DiskManagement.framework/Versions/A/DiskManagement
0x00000001a62e1000 	/System/Library/PrivateFrameworks/AppleIDAuthSupport.framework/Versions/A/AppleIDAuthSupport
0x00000001faed8000 	/System/Library/PrivateFrameworks/AAAFoundation.framework/Versions/A/AAAFoundation
0x00000001a2526000 	/System/Library/PrivateFrameworks/KeychainCircle.framework/Versions/A/KeychainCircle
0x00000001a88bb000 	/System/Library/PrivateFrameworks/RemoteXPC.framework/Versions/A/RemoteXPC
0x00000001a63aa000 	/System/Library/PrivateFrameworks/MediaKit.framework/Versions/A/MediaKit
0x00000001a62ee000 	/System/Library/Frameworks/DiscRecording.framework/Versions/A/DiscRecording
0x000000019fb2b000 	/usr/lib/libCoreStorage.dylib
0x00000001a8927000 	/usr/lib/libcsfde.dylib
0x00000001a3239000 	/System/Library/PrivateFrameworks/ProtectedCloudStorage.framework/Versions/A/ProtectedCloudStorage
0x00000001a891f000 	/System/Library/PrivateFrameworks/EFILogin.framework/Versions/A/EFILogin
0x00000001a66bd000 	/System/Library/PrivateFrameworks/OctagonTrust.framework/Versions/A/OctagonTrust
0x00000001ffafa000 	/System/Library/PrivateFrameworks/CoreUtilsExtras.framework/Versions/A/CoreUtilsExtras
0x00000001a6213000 	/System/Library/Frameworks/CoreBluetooth.framework/Versions/A/CoreBluetooth
0x00000001a8fbd000 	/System/Library/Frameworks/AudioUnit.framework/Versions/A/AudioUnit
0x000000019fb23000 	/usr/lib/libMatch.1.dylib
0x00000001b8d6a000 	/System/Library/Frameworks/Accelerate.framework/Versions/A/Frameworks/vImage.framework/Versions/A/Libraries/libCGInterfaces.dylib
0x0000000121de8000 	/usr/lib/libobjc-trampolines.dylib
0x000000019b824000 	/System/Library/PrivateFrameworks/ViewBridge.framework/Versions/A/ViewBridge
0x0000000133cbc000 	/Users/system/.openjfx/cache/17/libjavafx_font.dylib
0x00000001a0287000 	/System/Library/PrivateFrameworks/login.framework/Versions/A/login
0x00000002140e6000 	/usr/lib/libRosetta.dylib


VM Arguments:
jvm_args: --module-path=/Users/system/.m2/repository/org/openjfx/javafx-base/17/javafx-base-17-mac-aarch64.jar:/Users/system/.m2/repository/org/openjfx/javafx-base/17/javafx-base-17.jar:/Users/system/.m2/repository/org/openjfx/javafx-controls/17/javafx-controls-17-mac-aarch64.jar:/Users/system/.m2/repository/org/openjfx/javafx-controls/17/javafx-controls-17.jar:/Users/system/.m2/repository/org/openjfx/javafx-fxml/17/javafx-fxml-17-mac-aarch64.jar:/Users/system/.m2/repository/org/openjfx/javafx-fxml/17/javafx-fxml-17.jar:/Users/system/.m2/repository/org/openjfx/javafx-graphics/17/javafx-graphics-17-mac-aarch64.jar:/Users/system/.m2/repository/org/openjfx/javafx-graphics/17/javafx-graphics-17.jar --add-modules=javafx.base,javafx.base,javafx.controls,javafx.controls,javafx.fxml,javafx.fxml,javafx.graphics,javafx.graphics 
java_command: timeMaster.App
java_class_path (initial): /Users/system/ITP_2022_gruppearbeid/gr2227/time-master/target/classes
Launcher Type: SUN_STANDARD

[Global flags]
     intx CICompilerCount                          = 4                                         {product} {ergonomic}
     uint ConcGCThreads                            = 2                                         {product} {ergonomic}
     uint G1ConcRefinementThreads                  = 8                                         {product} {ergonomic}
   size_t G1HeapRegionSize                         = 1048576                                   {product} {ergonomic}
    uintx GCDrainStackTargetSize                   = 64                                        {product} {ergonomic}
   size_t InitialHeapSize                          = 134217728                                 {product} {ergonomic}
   size_t MarkStackSize                            = 4194304                                   {product} {ergonomic}
   size_t MaxHeapSize                              = 2147483648                                {product} {ergonomic}
   size_t MaxNewSize                               = 1287651328                                {product} {ergonomic}
   size_t MinHeapDeltaBytes                        = 1048576                                   {product} {ergonomic}
   size_t MinHeapSize                              = 8388608                                   {product} {ergonomic}
    uintx NonNMethodCodeHeapSize                   = 5839564                                {pd product} {ergonomic}
    uintx NonProfiledCodeHeapSize                  = 122909338                              {pd product} {ergonomic}
    uintx ProfiledCodeHeapSize                     = 122909338                              {pd product} {ergonomic}
    uintx ReservedCodeCacheSize                    = 251658240                              {pd product} {ergonomic}
     bool SegmentedCodeCache                       = true                                      {product} {ergonomic}
   size_t SoftMaxHeapSize                          = 2147483648                             {manageable} {ergonomic}
     bool UseCompressedClassPointers               = true                           {product lp64_product} {ergonomic}
     bool UseCompressedOops                        = true                           {product lp64_product} {ergonomic}
     bool UseG1GC                                  = true                                      {product} {ergonomic}
     bool UseNUMA                                  = false                                     {product} {ergonomic}
     bool UseNUMAInterleaving                      = false                                     {product} {ergonomic}

Logging:
Log output configuration:
 #0: stdout all=warning uptime,level,tags
 #1: stderr all=off uptime,level,tags

Environment Variables:
JAVA_HOME=/Users/system/.sdkman/candidates/java/current
PATH=/usr/local/bin:/usr/bin:/bin:/usr/sbin:/sbin:/Users/system/.sdkman/candidates/maven/current/bin:/Users/system/.sdkman/candidates/java/current/bin
SHELL=/bin/zsh
LANG=en_GB.UTF-8

Signal Handlers:
   SIGSEGV: crash_handler in libjvm.dylib, mask=11100110000111110111111111111111, flags=SA_RESTART|SA_SIGINFO
    SIGBUS: crash_handler in libjvm.dylib, mask=11100110000111110111111111111111, flags=SA_RESTART|SA_SIGINFO
    SIGFPE: crash_handler in libjvm.dylib, mask=11100110000111110111111111111111, flags=SA_RESTART|SA_SIGINFO
   SIGPIPE: javaSignalHandler in libjvm.dylib, mask=11100110000111110111111111111111, flags=SA_RESTART|SA_SIGINFO
   SIGXFSZ: javaSignalHandler in libjvm.dylib, mask=11100110000111110111111111111111, flags=SA_RESTART|SA_SIGINFO
    SIGILL: crash_handler in libjvm.dylib, mask=11100110000111110111111111111111, flags=SA_RESTART|SA_SIGINFO
   SIGUSR2: SR_handler in libjvm.dylib, mask=00100000000000000000000000000000, flags=SA_RESTART|SA_SIGINFO
    SIGHUP: UserHandler in libjvm.dylib, mask=11100110000111110111111111111111, flags=SA_RESTART|SA_SIGINFO
    SIGINT: UserHandler in libjvm.dylib, mask=11100110000111110111111111111111, flags=SA_RESTART|SA_SIGINFO
   SIGTERM: UserHandler in libjvm.dylib, mask=11100110000111110111111111111111, flags=SA_RESTART|SA_SIGINFO
   SIGQUIT: UserHandler in libjvm.dylib, mask=11100110000111110111111111111111, flags=SA_RESTART|SA_SIGINFO
   SIGTRAP: crash_handler in libjvm.dylib, mask=11100110000111110111111111111111, flags=SA_RESTART|SA_SIGINFO


---------------  S Y S T E M  ---------------

OS:
uname: Darwin 21.6.0 Darwin Kernel Version 21.6.0: Wed Aug 10 14:28:35 PDT 2022; root:xnu-8020.141.5~2/RELEASE_ARM64_T8101 arm64
OS uptime: 10 days 14:53 hours
rlimit (soft/hard): STACK 8176k/65520k , CORE 0k/infinity , NPROC 1333/2000 , NOFILE 10240/infinity , AS infinity/infinity , CPU infinity/infinity , DATA infinity/infinity , FSIZE infinity/infinity , MEMLOCK infinity/infinity , RSS infinity/infinity
load average: 1.28 1.34 1.47

CPU: total 8 (initial active 8) 0x61:0x0:0x1b588bb3:0, fp, simd, crc, lse

Memory: 16k page, physical 8388608k(116768k free), swap 1048576k(474816k free)

vm_info: OpenJDK 64-Bit Server VM (17.0.1+12) for bsd-aarch64 JRE (17.0.1+12), built on Oct 20 2021 13:53:09 by "jenkins" with clang Apple LLVM 12.0.0 (clang-1200.0.32.29)

END.
